2018-08-23 09:04:46 +0000  Initial pipeline context: <IDEDistributionProcessingPipelineContext: 0x7f9852098f90; archive(resolved)='<IDEArchive: 0x7f985264d1a0>', distributionTask(resolved)='2', distributionMethod(resolved)='<IDEDistributionMethodiOSAppStoreExport: 0x7f984e59e230>', team(resolved)='<IDEProvisioningBasicTeam: 0x7f9851ae66f0; teamID='8QV68YFEFE', teamName='Beijing SKYG Information Technology Co., Ltd.'>'>
	Chain (11, self inclusive):
	<IDEDistributionProcessingPipelineContext: 0x7f9852098f90; archive = '<IDEArchive: 0x7f985264d1a0>', distributionMethod='<IDEDistributionMethodiOSAppStoreExport: 0x7f984e59e230>', team='<IDEProvisioningBasicTeam: 0x7f9851ae66f0; teamID='8QV68YFEFE', teamName='Beijing SKYG Information Technology Co., Ltd.'>'>
	<IDEDistributionProcessingPipelineContext: 0x7f9851ce6680; archive = '<IDEArchive: 0x7f985264d1a0>', distributionMethod='<IDEDistributionMethodiOSAppStoreExport: 0x7f984e59e230>', team='<IDEProvisioningBasicTeam: 0x7f9851ae66f0; teamID='8QV68YFEFE', teamName='Beijing SKYG Information Technology Co., Ltd.'>'>
	<IDEDistributionContext: 0x7f984e981990; archive = '<IDEArchive: 0x7f985264d1a0>', distributionMethod='<IDEDistributionMethodiOSAppStoreExport: 0x7f984e59e230>', team='<IDEProvisioningBasicTeam: 0x7f9851ae66f0; teamID='8QV68YFEFE', teamName='Beijing SKYG Information Technology Co., Ltd.'>'>
	<IDEDistributionContext: 0x7f98511e9aa0; archive = '<IDEArchive: 0x7f985264d1a0>', distributionMethod='<IDEDistributionMethodiOSAppStoreExport: 0x7f984e59e230>', team='<IDEProvisioningBasicTeam: 0x7f9851ae66f0; teamID='8QV68YFEFE', teamName='Beijing SKYG Information Technology Co., Ltd.'>'>
	<IDEDistributionContext: 0x7f9851e99490; archive = '<IDEArchive: 0x7f985264d1a0>', distributionMethod='<IDEDistributionMethodiOSAppStoreExport: 0x7f984e59e230>', team='<IDEProvisioningBasicTeam: 0x7f9851ae66f0; teamID='8QV68YFEFE', teamName='Beijing SKYG Information Technology Co., Ltd.'>'>
	<IDEDistributionContext: 0x7f986aa47d80; archive = '<IDEArchive: 0x7f985264d1a0>', distributionMethod='<IDEDistributionMethodiOSAppStoreExport: 0x7f984e59e230>', team='<IDEProvisioningBasicTeam: 0x7f9851ae66f0; teamID='8QV68YFEFE', teamName='Beijing SKYG Information Technology Co., Ltd.'>'>
	<IDEDistributionContext: 0x7f984cf66940; archive = '<IDEArchive: 0x7f985264d1a0>', distributionMethod='<IDEDistributionMethodiOSAppStoreExport: 0x7f984e59e230>', team='<IDEProvisioningBasicTeam: 0x7f9851ae66f0; teamID='8QV68YFEFE', teamName='Beijing SKYG Information Technology Co., Ltd.'>'>
	<IDEDistributionContext: 0x7f9852117410; archive = '<IDEArchive: 0x7f985264d1a0>', distributionMethod='<IDEDistributionMethodiOSAppStoreExport: 0x7f984e59e230>', team='<IDEProvisioningBasicTeam: 0x7f9851ae66f0; teamID='8QV68YFEFE', teamName='Beijing SKYG Information Technology Co., Ltd.'>'>
	<IDEDistributionContext: 0x7f986c9a4910; archive = '<IDEArchive: 0x7f985264d1a0>', distributionMethod='<IDEDistributionMethodiOSAppStoreExport: 0x7f984e59e230>', team='<IDEProvisioningBasicTeam: 0x7f9851ae66f0; teamID='8QV68YFEFE', teamName='Beijing SKYG Information Technology Co., Ltd.'>'>
	<IDEDistributionContext: 0x7f9851203890; archive = '<IDEArchive: 0x7f985264d1a0>', distributionMethod='<IDEDistributionMethodiOSAppStoreExport: 0x7f984e59e230>', team='(null)'>
	<IDEDistributionContext: 0x7f9862781af0; archive = '<IDEArchive: 0x7f985264d1a0>', distributionMethod='(null)', team='(null)'>
</IDEDistributionProcessingPipelineContext: 0x7f9852098f90>
2018-08-23 09:04:46 +0000  Processing step: IDEDistributionCreateDestRootStep
2018-08-23 09:04:46 +0000  Processing step: IDEDistributionCopyItemStep
2018-08-23 09:04:46 +0000  Running /usr/bin/ditto '-V' '/Users/bk.xiong/Library/Developer/Xcode/Archives/2018-08-23/Lmzyb 2018-8-23 下午5.02.xcarchive/Products/Applications/Lmzyb.app' '/var/folders/85/cp9byfs93z57g6_zqknyt3vw0000gn/T/XcodeDistPipeline.Vzo/Root/Payload/Lmzyb.app'
2018-08-23 09:04:46 +0000  >>> Copying /Users/bk.xiong/Library/Developer/Xcode/Archives/2018-08-23/Lmzyb 2018-8-23 下午5.02.xcarchive/Products/Applications/Lmzyb.app 
2018-08-23 09:04:46 +0000  copying file ./_CodeSignature/CodeResources ... 
2018-08-23 09:04:46 +0000  92254 bytes for ./_CodeSignature/CodeResources
copying file ./MyAnswerImage@3x.png ... 
2255 bytes for ./MyAnswerImage@3x.png
2018-08-23 09:04:46 +0000  copying file ./JhtDocViewerImages.bundle/nav-back@3x.png ... 
2018-08-23 09:04:46 +0000  2604 bytes for ./JhtDocViewerImages.bundle/nav-back@3x.png
copying file ./JhtDocViewerImages.bundle/nav-back@2x.png ... 
2018-08-23 09:04:46 +0000  1928 bytes for ./JhtDocViewerImages.bundle/nav-back@2x.png
copying file ./JhtDocViewerImages.bundle/unknow@2x.png ... 
2018-08-23 09:04:46 +0000  2779 bytes for ./JhtDocViewerImages.bundle/unknow@2x.png
copying file ./JhtDocViewerImages.bundle/txt@2x.png ... 
2018-08-23 09:04:46 +0000  3156 bytes for ./JhtDocViewerImages.bundle/txt@2x.png
copying file ./JhtDocViewerImages.bundle/txt@3x.png ... 
2018-08-23 09:04:46 +0000  4341 bytes for ./JhtDocViewerImages.bundle/txt@3x.png
copying file ./JhtDocViewerImages.bundle/unknow@3x.png ... 
2018-08-23 09:04:46 +0000  3820 bytes for ./JhtDocViewerImages.bundle/unknow@3x.png
copying file ./JhtDocViewerImages.bundle/word@3x.png ... 
2018-08-23 09:04:46 +0000  5145 bytes for ./JhtDocViewerImages.bundle/word@3x.png
copying file ./JhtDocViewerImages.bundle/ppt@3x.png ... 
2018-08-23 09:04:46 +0000  3509 bytes for ./JhtDocViewerImages.bundle/ppt@3x.png
copying file ./JhtDocViewerImages.bundle/dumpView.png ... 
2018-08-23 09:04:46 +0000  1433 bytes for ./JhtDocViewerImages.bundle/dumpView.png
copying file ./JhtDocViewerImages.bundle/excel@3x.png ... 
2018-08-23 09:04:46 +0000  4869 bytes for ./JhtDocViewerImages.bundle/excel@3x.png
copying file ./JhtDocViewerImages.bundle/network_lost@2x.png ... 
2018-08-23 09:04:46 +0000  438 bytes for ./JhtDocViewerImages.bundle/network_lost@2x.png
copying file ./JhtDocViewerImages.bundle/network_lost@3x.png ... 
2018-08-23 09:04:46 +0000  1160 bytes for ./JhtDocViewerImages.bundle/network_lost@3x.png
copying file ./JhtDocViewerImages.bundle/excel@2x.png ... 
2018-08-23 09:04:46 +0000  3414 bytes for ./JhtDocViewerImages.bundle/excel@2x.png
copying file ./JhtDocViewerImages.bundle/ppt@2x.png ... 
2018-08-23 09:04:46 +0000  2545 bytes for ./JhtDocViewerImages.bundle/ppt@2x.png
copying file ./JhtDocViewerImages.bundle/word@2x.png ... 
3722 bytes for ./JhtDocViewerImages.bundle/word@2x.png
copying file ./JhtDocViewerImages.bundle/close@3x.png ... 
2003 bytes for ./JhtDocViewerImages.bundle/close@3x.png
copying file ./JhtDocViewerImages.bundle/pdf@2x.png ... 
2018-08-23 09:04:46 +0000  3316 bytes for ./JhtDocViewerImages.bundle/pdf@2x.png
copying file ./JhtDocViewerImages.bundle/pdf@3x.png ... 
2018-08-23 09:04:46 +0000  4632 bytes for ./JhtDocViewerImages.bundle/pdf@3x.png
2018-08-23 09:04:46 +0000  copying file ./JhtDocViewerImages.bundle/close@2x.png ... 
2018-08-23 09:04:46 +0000  1613 bytes for ./JhtDocViewerImages.bundle/close@2x.png
copying file ./UserImage50@2x.png ... 
2018-08-23 09:04:46 +0000  3728 bytes for ./UserImage50@2x.png
copying file ./DevelopmentImage@3x.png ... 
2018-08-23 09:04:46 +0000  11163 bytes for ./DevelopmentImage@3x.png
copying file ./ServiceImage@3x.png ... 
2018-08-23 09:04:46 +0000  1772 bytes for ./ServiceImage@3x.png
copying file ./Reader-Email@2x.png ... 
2018-08-23 09:04:46 +0000  700 bytes for ./Reader-Email@2x.png
copying file ./LaunchImage-1100-Portrait-2436h@3x.png ... 
2018-08-23 09:04:46 +0000  16305 bytes for ./LaunchImage-1100-Portrait-2436h@3x.png
copying file ./ComplainTeacherAnswer.txt ... 
2018-08-23 09:04:46 +0000  235 bytes for ./ComplainTeacherAnswer.txt
copying file ./ProductCategoryCell.nib ... 
2018-08-23 09:04:46 +0000  3688 bytes for ./ProductCategoryCell.nib
copying file ./AppIcon-167.png ... 
2018-08-23 09:04:46 +0000  69748 bytes for ./AppIcon-167.png
copying file ./NavOnlineAskImage@3x.png ... 
2018-08-23 09:04:46 +0000  1971 bytes for ./NavOnlineAskImage@3x.png
copying file ./photo_delete@3x.png ... 
2018-08-23 09:04:46 +0000  829 bytes for ./photo_delete@3x.png
copying file ./EnglishRoatingImage@2x.png ... 
2018-08-23 09:04:46 +0000  118145 bytes for ./EnglishRoatingImage@2x.png
2018-08-23 09:04:46 +0000  copying file ./RecordImage@3x.png ... 
2018-08-23 09:04:46 +0000  4440 bytes for ./RecordImage@3x.png
copying file ./AppIcon20x20@2x.png ... 
2018-08-23 09:04:46 +0000  2830 bytes for ./AppIcon20x20@2x.png
copying file ./Reader-Button-N@3x.png ... 
2018-08-23 09:04:46 +0000  2022 bytes for ./Reader-Button-N@3x.png
copying file ./LoginUserNameImage@2x.png ... 
2018-08-23 09:04:46 +0000  1578 bytes for ./LoginUserNameImage@2x.png
copying file ./icon_voice_sender_1@2x.png ... 
2018-08-23 09:04:46 +0000  296 bytes for ./icon_voice_sender_1@2x.png
copying file ./TearcherIssureProtocol.txt ... 
2018-08-23 09:04:46 +0000  685 bytes for ./TearcherIssureProtocol.txt
copying file ./toast_vol_5@2x.png ... 
2018-08-23 09:04:46 +0000  439 bytes for ./toast_vol_5@2x.png
copying file ./NavHomeImage@2x.png ... 
2018-08-23 09:04:46 +0000  1124 bytes for ./NavHomeImage@2x.png
copying file ./EditNameImage@2x.png ... 
2018-08-23 09:04:46 +0000  910 bytes for ./EditNameImage@2x.png
copying file ./NavigationBarBackgroundImage@3x.png ... 
2018-08-23 09:04:46 +0000  1548 bytes for ./NavigationBarBackgroundImage@3x.png
copying file ./HomeMessageImage@3x.png ... 
2018-08-23 09:04:46 +0000  1679 bytes for ./HomeMessageImage@3x.png
copying file ./Reader-Print.png ... 
2018-08-23 09:04:46 +0000  277 bytes for ./Reader-Print.png
copying file ./toast_vol_7@2x.png ... 
565 bytes for ./toast_vol_7@2x.png
copying file ./HomeMessageImage@2x.png ... 
2018-08-23 09:04:46 +0000  1067 bytes for ./HomeMessageImage@2x.png
copying file ./EditNameImage@3x.png ... 
2018-08-23 09:04:46 +0000  1571 bytes for ./EditNameImage@3x.png
copying file ./icon_voice_sender_3@2x.png ... 
2018-08-23 09:04:46 +0000  849 bytes for ./icon_voice_sender_3@2x.png
copying file ./LoginUserNameImage@3x.png ... 
2018-08-23 09:04:46 +0000  2477 bytes for ./LoginUserNameImage@3x.png
copying file ./search@3x.png ... 
2018-08-23 09:04:46 +0000  935 bytes for ./search@3x.png
copying file ./Reader-Button-N@2x.png ... 
2018-08-23 09:04:46 +0000  1740 bytes for ./Reader-Button-N@2x.png
copying file ./RecordImage@2x.png ... 
2018-08-23 09:04:46 +0000  3033 bytes for ./RecordImage@2x.png
2018-08-23 09:04:46 +0000  copying file ./AppIcon20x20@3x.png ... 
2018-08-23 09:04:46 +0000  4248 bytes for ./AppIcon20x20@3x.png
copying file ./photo_delete@2x.png ... 
2018-08-23 09:04:46 +0000  532 bytes for ./photo_delete@2x.png
copying file ./WhiteNavImage@3x.png ... 
2018-08-23 09:04:46 +0000  214 bytes for ./WhiteNavImage@3x.png
copying file ./NavOnlineAskImage@2x.png ... 
2018-08-23 09:04:46 +0000  1233 bytes for ./NavOnlineAskImage@2x.png
copying file ./SetTeachingImage@3x.png ... 
2018-08-23 09:04:46 +0000  1288 bytes for ./SetTeachingImage@3x.png
copying file ./Reader-Email@3x.png ... 
2018-08-23 09:04:46 +0000  1043 bytes for ./Reader-Email@3x.png
copying file ./ServiceImage@2x.png ... 
2018-08-23 09:04:46 +0000  1034 bytes for ./ServiceImage@2x.png
copying file ./UserImage50@3x.png ... 
2018-08-23 09:04:46 +0000  5770 bytes for ./UserImage50@3x.png
copying file ./DevelopmentImage@2x.png ... 
2018-08-23 09:04:46 +0000  7342 bytes for ./DevelopmentImage@2x.png
2018-08-23 09:04:46 +0000  copying file ./MJRefresh.bundle/zh-Hans.lproj/Localizable.strings ... 
2018-08-23 09:04:46 +0000  1194 bytes for ./MJRefresh.bundle/zh-Hans.lproj/Localizable.strings
2018-08-23 09:04:46 +0000  copying file ./MJRefresh.bundle/en.lproj/Localizable.strings ... 
2018-08-23 09:04:46 +0000  1372 bytes for ./MJRefresh.bundle/en.lproj/Localizable.strings
copying file ./MJRefresh.bundle/arrow@2x.png ... 
2018-08-23 09:04:46 +0000  1033 bytes for ./MJRefresh.bundle/arrow@2x.png
2018-08-23 09:04:46 +0000  copying file ./MJRefresh.bundle/zh-Hant.lproj/Localizable.strings ... 
2018-08-23 09:04:46 +0000  773 bytes for ./MJRefresh.bundle/zh-Hant.lproj/Localizable.strings
copying file ./clearImage@3x.png ... 
2018-08-23 09:04:46 +0000  174 bytes for ./clearImage@3x.png
copying file ./MyAnswerImage@2x.png ... 
2018-08-23 09:04:46 +0000  1414 bytes for ./MyAnswerImage@2x.png
copying file ./Reader-Mark-Y@2x.png ... 
2018-08-23 09:04:46 +0000  164 bytes for ./Reader-Mark-Y@2x.png
copying file ./MicroCourseImage@3x.png ... 
2018-08-23 09:04:46 +0000  2049 bytes for ./MicroCourseImage@3x.png
copying file ./AppIcon60x60@2x.png ... 
2018-08-23 09:04:46 +0000  13781 bytes for ./AppIcon60x60@2x.png
copying file ./Reader-Button-H@3x.png ... 
2018-08-23 09:04:46 +0000  2191 bytes for ./Reader-Button-H@3x.png
copying file ./RechargeController.nib ... 
5101 bytes for ./RechargeController.nib
copying file ./toast_vol_3@2x.png ... 
321 bytes for ./toast_vol_3@2x.png
copying file ./ScanLineImage@3x.png ... 
5881 bytes for ./ScanLineImage@3x.png
copying file ./AppIcon29x29@2x.png ... 
3955 bytes for ./AppIcon29x29@2x.png
copying file ./Reader-Button-H.png ... 
531 bytes for ./Reader-Button-H.png
copying file ./LoginlogoImage@3x.png ... 
134567 bytes for ./LoginlogoImage@3x.png
copying file ./RecordBackImage@3x.png ... 
2399 bytes for ./RecordBackImage@3x.png
copying file ./LaunchImage-800-667h@2x.png ... 
35483 bytes for ./LaunchImage-800-667h@2x.png
copying file ./ClassListPlayImage@3x.png ... 
1286 bytes for ./ClassListPlayImage@3x.png
copying file ./EditPhoneImage@3x.png ... 
1547 bytes for ./EditPhoneImage@3x.png
copying file ./HomeListernDefaultImage@3x.png ... 
50505 bytes for ./HomeListernDefaultImage@3x.png
copying file ./AppIcon40x40@3x.png ... 
2018-08-23 09:04:46 +0000  13781 bytes for ./AppIcon40x40@3x.png
copying file ./SetUpImage@2x.png ... 
1463 bytes for ./SetUpImage@2x.png
copying file ./NavigationBarBackgroundImage_iPhoneX@3x.png ... 
2138 bytes for ./NavigationBarBackgroundImage_iPhoneX@3x.png
copying file ./toast_microphone@2x.png ... 
2806 bytes for ./toast_microphone@2x.png
copying file ./TZImagePickerController.bundle/takePicture@2x.png ... 
5924 bytes for ./TZImagePickerController.bundle/takePicture@2x.png
copying file ./TZImagePickerController.bundle/zh-Hans.lproj/Localizable.strings ... 
1902 bytes for ./TZImagePickerController.bundle/zh-Hans.lproj/Localizable.strings
copying file ./TZImagePickerController.bundle/photo_sel_photoPickerVc@2x.png ... 
2018-08-23 09:04:46 +0000  1006 bytes for ./TZImagePickerController.bundle/photo_sel_photoPickerVc@2x.png
copying file ./TZImagePickerController.bundle/en.lproj/Localizable.strings ... 
2594 bytes for ./TZImagePickerController.bundle/en.lproj/Localizable.strings
copying file ./TZImagePickerController.bundle/MMVideoPreviewPlayHL@2x.png ... 
3645 bytes for ./TZImagePickerController.bundle/MMVideoPreviewPlayHL@2x.png
copying file ./TZImagePickerController.bundle/photo_sel_previewVc@2x.png ... 
1183 bytes for ./TZImagePickerController.bundle/photo_sel_previewVc@2x.png
copying file ./TZImagePickerController.bundle/MMVideoPreviewPlay@2x.png ... 
2018-08-23 09:04:46 +0000  3645 bytes for ./TZImagePickerController.bundle/MMVideoPreviewPlay@2x.png
copying file ./TZImagePickerController.bundle/preview_original_def@2x.png ... 
392 bytes for ./TZImagePickerController.bundle/preview_original_def@2x.png
copying file ./TZImagePickerController.bundle/photo_def_previewVc@2x.png ... 
1155 bytes for ./TZImagePickerController.bundle/photo_def_previewVc@2x.png
copying file ./TZImagePickerController.bundle/photo_original_sel@2x.png ... 
620 bytes for ./TZImagePickerController.bundle/photo_original_sel@2x.png
copying file ./TZImagePickerController.bundle/photo_def_photoPickerVc@2x.png ... 
1155 bytes for ./TZImagePickerController.bundle/photo_def_photoPickerVc@2x.png
copying file ./TZImagePickerController.bundle/TableViewArrow@2x.png ... 
299 bytes for ./TZImagePickerController.bundle/TableViewArrow@2x.png
copying file ./TZImagePickerController.bundle/preview_number_icon@2x.png ... 
501 bytes for ./TZImagePickerController.bundle/preview_number_icon@2x.png
copying file ./TZImagePickerController.bundle/navi_back@2x.png ... 
116 bytes for ./TZImagePickerController.bundle/navi_back@2x.png
copying file ./TZImagePickerController.bundle/photo_original_def@2x.png ... 
1602 bytes for ./TZImagePickerController.bundle/photo_original_def@2x.png
copying file ./TZImagePickerController.bundle/Root.plist ... 
1456 bytes for ./TZImagePickerController.bundle/Root.plist
copying file ./TZImagePickerController.bundle/photo_number_icon@2x.png ... 
501 bytes for ./TZImagePickerController.bundle/photo_number_icon@2x.png
copying file ./TZImagePickerController.bundle/VideoSendIcon@2x.png ... 
223 bytes for ./TZImagePickerController.bundle/VideoSendIcon@2x.png
copying file ./SliderImage@2x.png ... 
1327 bytes for ./SliderImage@2x.png
copying file ./RechargeAddImage@2x.png ... 
2018-08-23 09:04:46 +0000  431 bytes for ./RechargeAddImage@2x.png
copying file ./RechargeAddImage@3x.png ... 
2018-08-23 09:04:46 +0000  696 bytes for ./RechargeAddImage@3x.png
copying file ./AppIcon29x29~ipad.png ... 
1985 bytes for ./AppIcon29x29~ipad.png
copying file ./AppIcon40x40@2x.png ... 
6774 bytes for ./AppIcon40x40@2x.png
copying file ./AlbumAddBtn@2x.png ... 
136 bytes for ./AlbumAddBtn@2x.png
copying file ./SetUpImage@3x.png ... 
2018-08-23 09:04:46 +0000  2457 bytes for ./SetUpImage@3x.png
copying file ./ClassListPlayImage@2x.png ... 
2018-08-23 09:04:46 +0000  862 bytes for ./ClassListPlayImage@2x.png
copying file ./EditPhoneImage@2x.png ... 
2018-08-23 09:04:46 +0000  855 bytes for ./EditPhoneImage@2x.png
copying file ./HomeListernDefaultImage@2x.png ... 
2018-08-23 09:04:46 +0000  25609 bytes for ./HomeListernDefaultImage@2x.png
copying file ./OnLineRechargeImage@2x.png ... 
2018-08-23 09:04:46 +0000  1078 bytes for ./OnLineRechargeImage@2x.png
copying file ./RecordBackImage@2x.png ... 
2018-08-23 09:04:46 +0000  1042 bytes for ./RecordBackImage@2x.png
copying file ./LoginlogoImage@2x.png ... 
2018-08-23 09:04:46 +0000  63865 bytes for ./LoginlogoImage@2x.png
copying file ./AppIcon-076.png ... 
2018-08-23 09:04:46 +0000  15296 bytes for ./AppIcon-076.png
copying file ./AppIcon29x29@3x.png ... 
2018-08-23 09:04:46 +0000  7907 bytes for ./AppIcon29x29@3x.png
copying file ./ScanBackgroundImage@3x.png ... 
3860 bytes for ./ScanBackgroundImage@3x.png
copying file ./Reader-Button-N.png ... 
492 bytes for ./Reader-Button-N.png
copying file ./AppIcon60x60@3x.png ... 
28006 bytes for ./AppIcon60x60@3x.png
copying file ./Reader-Button-H@2x.png ... 
1605 bytes for ./Reader-Button-H@2x.png
copying file ./Base.lproj/LaunchScreen.storyboardc/01J-lp-oVM-view-Ze5-6b-2t3.nib ... 
2018-08-23 09:04:46 +0000  1792 bytes for ./Base.lproj/LaunchScreen.storyboardc/01J-lp-oVM-view-Ze5-6b-2t3.nib
copying file ./Base.lproj/LaunchScreen.storyboardc/UIViewController-01J-lp-oVM.nib ... 
832 bytes for ./Base.lproj/LaunchScreen.storyboardc/UIViewController-01J-lp-oVM.nib
copying file ./Base.lproj/LaunchScreen.storyboardc/Info.plist ... 
258 bytes for ./Base.lproj/LaunchScreen.storyboardc/Info.plist
copying file ./toast_vol_1@2x.png ... 
186 bytes for ./toast_vol_1@2x.png
copying file ./MicroCourseImage@2x.png ... 
913 bytes for ./MicroCourseImage@2x.png
copying file ./EnglishPlayer@2x.png ... 
5193 bytes for ./EnglishPlayer@2x.png
copying file ./Reader-Mark-Y@3x.png ... 
350 bytes for ./Reader-Mark-Y@3x.png
copying file ./StudentIssureProtocol.txt ... 
511 bytes for ./StudentIssureProtocol.txt
copying file ./ZFPlayer.bundle/ZFPlayer_unlock-nor@2x.png ... 
2466 bytes for ./ZFPlayer.bundle/ZFPlayer_unlock-nor@2x.png
copying file ./ZFPlayer.bundle/ZFPlayer_close.png ... 
15896 bytes for ./ZFPlayer.bundle/ZFPlayer_close.png
copying file ./ZFPlayer.bundle/ZFPlayer_slider.png ... 
2018-08-23 09:04:46 +0000  1117 bytes for ./ZFPlayer.bundle/ZFPlayer_slider.png
copying file ./ZFPlayer.bundle/ZFPlayer_play@3x.png ... 
660 bytes for ./ZFPlayer.bundle/ZFPlayer_play@3x.png
copying file ./ZFPlayer.bundle/ZFPlayer_slider@2x.png ... 
577 bytes for ./ZFPlayer.bundle/ZFPlayer_slider@2x.png
copying file ./ZFPlayer.bundle/ZFPlayer_play_btn@2x.png ... 
1820 bytes for ./ZFPlayer.bundle/ZFPlayer_play_btn@2x.png
copying file ./ZFPlayer.bundle/ZFPlayer_fullscreen.png ... 
15013 bytes for ./ZFPlayer.bundle/ZFPlayer_fullscreen.png
copying file ./ZFPlayer.bundle/ZFPlayer_slider@3x.png ... 
2061 bytes for ./ZFPlayer.bundle/ZFPlayer_slider@3x.png
copying file ./ZFPlayer.bundle/ZFPlayer_play@2x.png ... 
453 bytes for ./ZFPlayer.bundle/ZFPlayer_play@2x.png
copying file ./ZFPlayer.bundle/ZFPlayer_unlock-nor@3x.png ... 
3786 bytes for ./ZFPlayer.bundle/ZFPlayer_unlock-nor@3x.png
copying file ./ZFPlayer.bundle/ZFPlayer_shrinkscreen@3x.png ... 
1221 bytes for ./ZFPlayer.bundle/ZFPlayer_shrinkscreen@3x.png
copying file ./ZFPlayer.bundle/ZFPlayer_pause@3x.png ... 
2018-08-23 09:04:46 +0000  188 bytes for ./ZFPlayer.bundle/ZFPlayer_pause@3x.png
copying file ./ZFPlayer.bundle/ZFPlayer_lock-nor@2x.png ... 
2481 bytes for ./ZFPlayer.bundle/ZFPlayer_lock-nor@2x.png
copying file ./ZFPlayer.bundle/ZFPlayer_fast_forward@2x.png ... 
565 bytes for ./ZFPlayer.bundle/ZFPlayer_fast_forward@2x.png
copying file ./ZFPlayer.bundle/ZFPlayer_download@2x.png ... 
327 bytes for ./ZFPlayer.bundle/ZFPlayer_download@2x.png
copying file ./ZFPlayer.bundle/ZFPlayer_download@3x.png ... 
426 bytes for ./ZFPlayer.bundle/ZFPlayer_download@3x.png
copying file ./ZFPlayer.bundle/ZFPlayer_pause.png ... 
14932 bytes for ./ZFPlayer.bundle/ZFPlayer_pause.png
copying file ./ZFPlayer.bundle/ZFPlayer_fast_forward@3x.png ... 
2018-08-23 09:04:46 +0000  772 bytes for ./ZFPlayer.bundle/ZFPlayer_fast_forward@3x.png
copying file ./ZFPlayer.bundle/ZFPlayer_lock-nor@3x.png ... 
3797 bytes for ./ZFPlayer.bundle/ZFPlayer_lock-nor@3x.png
copying file ./ZFPlayer.bundle/ZFPlayer_pause@2x.png ... 
168 bytes for ./ZFPlayer.bundle/ZFPlayer_pause@2x.png
copying file ./ZFPlayer.bundle/ZFPlayer_shrinkscreen@2x.png ... 
2018-08-23 09:04:46 +0000  1096 bytes for ./ZFPlayer.bundle/ZFPlayer_shrinkscreen@2x.png
copying file ./ZFPlayer.bundle/ZFPlayer_top_shadow.png ... 
3021 bytes for ./ZFPlayer.bundle/ZFPlayer_top_shadow.png
copying file ./ZFPlayer.bundle/ZFPlayer_close@2x.png ... 
1851 bytes for ./ZFPlayer.bundle/ZFPlayer_close@2x.png
copying file ./ZFPlayer.bundle/ZFPlayer_fast_backward@3x.png ... 
2018-08-23 09:04:46 +0000  834 bytes for ./ZFPlayer.bundle/ZFPlayer_fast_backward@3x.png
copying file ./ZFPlayer.bundle/ZFPlayer_close@3x.png ... 
2018-08-23 09:04:46 +0000  2325 bytes for ./ZFPlayer.bundle/ZFPlayer_close@3x.png
copying file ./ZFPlayer.bundle/ZFPlayer_fast_backward@2x.png ... 
2018-08-23 09:04:46 +0000  615 bytes for ./ZFPlayer.bundle/ZFPlayer_fast_backward@2x.png
copying file ./ZFPlayer.bundle/ZFPlayer_shrinkscreen.png ... 
1028 bytes for ./ZFPlayer.bundle/ZFPlayer_shrinkscreen.png
copying file ./ZFPlayer.bundle/ZFPlayer_repeat_video@3x.png ... 
4966 bytes for ./ZFPlayer.bundle/ZFPlayer_repeat_video@3x.png
copying file ./ZFPlayer.bundle/ZFPlayer_bottom_shadow.png ... 
1142 bytes for ./ZFPlayer.bundle/ZFPlayer_bottom_shadow.png
copying file ./ZFPlayer.bundle/ZFPlayer_fullscreen@3x.png ... 
1213 bytes for ./ZFPlayer.bundle/ZFPlayer_fullscreen@3x.png
copying file ./ZFPlayer.bundle/ZFPlayer_not_download@3x.png ... 
2018-08-23 09:04:46 +0000  833 bytes for ./ZFPlayer.bundle/ZFPlayer_not_download@3x.png
copying file ./ZFPlayer.bundle/ZFPlayer_back_full@3x.png ... 
2018-08-23 09:04:46 +0000  513 bytes for ./ZFPlayer.bundle/ZFPlayer_back_full@3x.png
copying file ./ZFPlayer.bundle/ZFPlayer_brightness@2x.png ... 
2018-08-23 09:04:46 +0000  1936 bytes for ./ZFPlayer.bundle/ZFPlayer_brightness@2x.png
copying file ./ZFPlayer.bundle/ZFPlayer_back_full@2x.png ... 
2018-08-23 09:04:46 +0000  339 bytes for ./ZFPlayer.bundle/ZFPlayer_back_full@2x.png
copying file ./ZFPlayer.bundle/ZFPlayer_not_download@2x.png ... 
2018-08-23 09:04:46 +0000  587 bytes for ./ZFPlayer.bundle/ZFPlayer_not_download@2x.png
copying file ./ZFPlayer.bundle/ZFPlayer_fullscreen@2x.png ... 
2018-08-23 09:04:46 +0000  1094 bytes for ./ZFPlayer.bundle/ZFPlayer_fullscreen@2x.png
copying file ./ZFPlayer.bundle/ZFPlayer_repeat_video.png ... 
2018-08-23 09:04:46 +0000  2405 bytes for ./ZFPlayer.bundle/ZFPlayer_repeat_video.png
copying file ./ZFPlayer.bundle/ZFPlayer_repeat_video@2x.png ... 
2018-08-23 09:04:46 +0000  3499 bytes for ./ZFPlayer.bundle/ZFPlayer_repeat_video@2x.png
copying file ./NavMeImage@2x.png ... 
2018-08-23 09:04:46 +0000  1030 bytes for ./NavMeImage@2x.png
copying file ./NavDowloadImage@2x.png ... 
2018-08-23 09:04:46 +0000  1034 bytes for ./NavDowloadImage@2x.png
2018-08-23 09:04:46 +0000  copying file ./AnsweringRuleImage@2x.png ... 
2018-08-23 09:04:46 +0000  1183 bytes for ./AnsweringRuleImage@2x.png
copying file ./EnglishPlayering@2x.png ... 
2018-08-23 09:04:46 +0000  4728 bytes for ./EnglishPlayering@2x.png
copying file ./MoneyImage@3x.png ... 
2018-08-23 09:04:46 +0000  2027 bytes for ./MoneyImage@3x.png
copying file ./Reader-Print@2x.png ... 
2018-08-23 09:04:46 +0000  495 bytes for ./Reader-Print@2x.png
copying file ./NavOnlineTextImage@2x.png ... 
2018-08-23 09:04:46 +0000  1404 bytes for ./NavOnlineTextImage@2x.png
copying file ./Lmzyb ... 
2018-08-23 09:04:46 +0000  6881200 bytes for ./Lmzyb
copying file ./NavEnglishImage@2x.png ... 
558 bytes for ./NavEnglishImage@2x.png
copying file ./Reader-Thumbs.png ... 
231 bytes for ./Reader-Thumbs.png
copying file ./toast_vol_4@2x.png ... 
391 bytes for ./toast_vol_4@2x.png
copying file ./NavNewsImage@3x.png ... 
712 bytes for ./NavNewsImage@3x.png
copying file ./NavListernImage@2x.png ... 
1392 bytes for ./NavListernImage@2x.png
copying file ./HomeScanImage@2x.png ... 
776 bytes for ./HomeScanImage@2x.png
copying file ./UserImage30@3x.png ... 
3242 bytes for ./UserImage30@3x.png
copying file ./CommentUnSeletedImage@2x.png ... 
178 bytes for ./CommentUnSeletedImage@2x.png
copying file ./MessageGrowImage@2x.png ... 
224 bytes for ./MessageGrowImage@2x.png
copying file ./collection@3x.png ... 
731 bytes for ./collection@3x.png
copying file ./SeleteDefultImage@3x.png ... 
999 bytes for ./SeleteDefultImage@3x.png
copying file ./CommentSeletedImage@3x.png ... 
1085 bytes for ./CommentSeletedImage@3x.png
copying file ./Assets.car ... 
985672 bytes for ./Assets.car
copying file ./HomeBannerDefaultImage@2x.png ... 
45487 bytes for ./HomeBannerDefaultImage@2x.png
copying file ./AppIcon40x40@2x~ipad.png ... 
6774 bytes for ./AppIcon40x40@2x~ipad.png
copying file ./NavMicClassImage@2x.png ... 
990 bytes for ./NavMicClassImage@2x.png
copying file ./Reader-Thumbs@2x.png ... 
337 bytes for ./Reader-Thumbs@2x.png
copying file ./AppIcon76x76@2x~ipad.png ... 
20788 bytes for ./AppIcon76x76@2x~ipad.png
copying file ./LaunchImage-800-Portrait-736h@3x.png ... 
83228 bytes for ./LaunchImage-800-Portrait-736h@3x.png
copying file ./Reader-Email.png ... 
356 bytes for ./Reader-Email.png
copying file ./Reader-Thumbs@3x.png ... 
510 bytes for ./Reader-Thumbs@3x.png
copying file ./NavMicClassImage@3x.png ... 
1689 bytes for ./NavMicClassImage@3x.png
copying file ./HomeBannerDefaultImage@3x.png ... 
87593 bytes for ./HomeBannerDefaultImage@3x.png
copying file ./CommentSeletedImage@2x.png ... 
761 bytes for ./CommentSeletedImage@2x.png
copying file ./MessageGrowImage@3x.png ... 
273 bytes for ./MessageGrowImage@3x.png
copying file ./CommentUnSeletedImage@3x.png ... 
236 bytes for ./CommentUnSeletedImage@3x.png
copying file ./UserImage30@2x.png ... 
1678 bytes for ./UserImage30@2x.png
copying file ./TeacherCertification.txt ... 
429 bytes for ./TeacherCertification.txt
copying file ./NavNewsImage@2x.png ... 
312 bytes for ./NavNewsImage@2x.png
copying file ./NavListernImage@3x.png ... 
2222 bytes for ./NavListernImage@3x.png
copying file ./GrayStar@3x.png ... 
2018-08-23 09:04:46 +0000  3225 bytes for ./GrayStar@3x.png
copying file ./HomeScanImage@3x.png ... 
1194 bytes for ./HomeScanImage@3x.png
copying file ./AppIcon83.5x83.5@2x~ipad.png ... 
2018-08-23 09:04:46 +0000  24240 bytes for ./AppIcon83.5x83.5@2x~ipad.png
copying file ./LaunchImage-700-568h@2x.png ... 
28544 bytes for ./LaunchImage-700-568h@2x.png
copying file ./MebackImage@3x.png ... 
24308 bytes for ./MebackImage@3x.png
copying file ./NavEnglishImage@3x.png ... 
1172 bytes for ./NavEnglishImage@3x.png
copying file ./Reader-Print@3x.png ... 
697 bytes for ./Reader-Print@3x.png
copying file ./NavOnlineTextImage@3x.png ... 
2354 bytes for ./NavOnlineTextImage@3x.png
copying file ./icon_voice_sender_2@2x.png ... 
540 bytes for ./icon_voice_sender_2@2x.png
copying file ./MoneyImage@2x.png ... 
1441 bytes for ./MoneyImage@2x.png
copying file ./toast_vol_6@2x.png ... 
507 bytes for ./toast_vol_6@2x.png
copying file ./AppIcon-120.png ... 
36848 bytes for ./AppIcon-120.png
copying file ./toast_cancelsend@2x.png ... 
2497 bytes for ./toast_cancelsend@2x.png
copying file ./AnsweringRuleImage@3x.png ... 
1831 bytes for ./AnsweringRuleImage@3x.png
copying file ./NavDowloadImage@3x.png ... 
1554 bytes for ./NavDowloadImage@3x.png
copying file ./NavMeImage@3x.png ... 
1663 bytes for ./NavMeImage@3x.png
copying file ./CommentRedStarImage@3x.png ... 
653 bytes for ./CommentRedStarImage@3x.png
copying file ./Reader-Mark-Y.png ... 
139 bytes for ./Reader-Mark-Y.png
copying file ./Reader-Mark-N.png ... 
139 bytes for ./Reader-Mark-N.png
copying file ./NavClassImage@3x.png ... 
1415 bytes for ./NavClassImage@3x.png
copying file ./EnglishDefaultImage@3x.png ... 
75029 bytes for ./EnglishDefaultImage@3x.png
copying file ./LoginPCImage@2x.png ... 
1997 bytes for ./LoginPCImage@2x.png
copying file ./FAQWebImage@3x.png ... 
2018-08-23 09:04:46 +0000  112281 bytes for ./FAQWebImage@3x.png
copying file ./loading_bgView1@2x.png ... 
231301 bytes for ./loading_bgView1@2x.png
copying file ./SelectImage@3x.png ... 
940 bytes for ./SelectImage@3x.png
copying file ./RechargeMimuImage@2x.png ... 
387 bytes for ./RechargeMimuImage@2x.png
copying file ./AppIcon29x29@2x~ipad.png ... 
3955 bytes for ./AppIcon29x29@2x~ipad.png
copying file ./BuyCloseImage@2x.png ... 
363 bytes for ./BuyCloseImage@2x.png
copying file ./HomeListenImage@3x.png ... 
2018-08-23 09:04:46 +0000  16241 bytes for ./HomeListenImage@3x.png
copying file ./AppIcon-152.png ... 
2018-08-23 09:04:46 +0000  57926 bytes for ./AppIcon-152.png
copying file ./EditPeriodImage@2x.png ... 
2018-08-23 09:04:46 +0000  852 bytes for ./EditPeriodImage@2x.png
copying file ./CommentGrayStarImage@3x.png ... 
731 bytes for ./CommentGrayStarImage@3x.png
copying file ./HomeNewsImage@3x.png ... 
2018-08-23 09:04:46 +0000  5172 bytes for ./HomeNewsImage@3x.png
copying file ./LoginPsdImage@2x.png ... 
2018-08-23 09:04:46 +0000  915 bytes for ./LoginPsdImage@2x.png
copying file ./.Ulysses-Group.plist ... 
2018-08-23 09:04:46 +0000  123 bytes for ./.Ulysses-Group.plist
2018-08-23 09:04:46 +0000  copying file ./ClassBookDefaultImage@3x.png ... 
2018-08-23 09:04:46 +0000  4845 bytes for ./ClassBookDefaultImage@3x.png
copying file ./AppIcon40x40~ipad.png ... 
2018-08-23 09:04:46 +0000  2830 bytes for ./AppIcon40x40~ipad.png
copying file ./toast_vol_2@2x.png ... 
2018-08-23 09:04:46 +0000  260 bytes for ./toast_vol_2@2x.png
copying file ./Reader-Export@3x.png ... 
2018-08-23 09:04:46 +0000  899 bytes for ./Reader-Export@3x.png
copying file ./PhotoImage@2x.png ... 
2018-08-23 09:04:46 +0000  1832 bytes for ./PhotoImage@2x.png
copying file ./AppIcon20x20~ipad.png ... 
2018-08-23 09:04:46 +0000  1258 bytes for ./AppIcon20x20~ipad.png
copying file ./navGationImage@3x.png ... 
2018-08-23 09:04:46 +0000  616 bytes for ./navGationImage@3x.png
2018-08-23 09:04:46 +0000  copying file ./UserImage80@2x.png ... 
2018-08-23 09:04:46 +0000  6317 bytes for ./UserImage80@2x.png
copying file ./ClassImage@2x.png ... 
2018-08-23 09:04:46 +0000  1121 bytes for ./ClassImage@2x.png
copying file ./Reader-Mark-N@3x.png ... 
2018-08-23 09:04:46 +0000  343 bytes for ./Reader-Mark-N@3x.png
copying file ./NavHomeImage3x.png ... 
2018-08-23 09:04:46 +0000  1759 bytes for ./NavHomeImage3x.png
copying file ./OnLineRechargeImage3x.png ... 
2018-08-23 09:04:46 +0000  2210 bytes for ./OnLineRechargeImage3x.png
2018-08-23 09:04:46 +0000  copying file ./embedded.mobileprovision ... 
8622 bytes for ./embedded.mobileprovision
copying file ./EditPwdImage@3x.png ... 
2018-08-23 09:04:46 +0000  1398 bytes for ./EditPwdImage@3x.png
copying file ./NavImage@3x.png ... 
2018-08-23 09:04:46 +0000  144 bytes for ./NavImage@3x.png
copying file ./EditPwdImage@2x.png ... 
825 bytes for ./EditPwdImage@2x.png
copying file ./Reader-Export.png ... 
2018-08-23 09:04:47 +0000  343 bytes for ./Reader-Export.png
copying file ./ClassImage@3x.png ... 
1939 bytes for ./ClassImage@3x.png
copying file ./Reader-Mark-N@2x.png ... 
164 bytes for ./Reader-Mark-N@2x.png
copying file ./UserImage80@3x.png ... 
9664 bytes for ./UserImage80@3x.png
copying file ./LaunchImage-700-Portrait@2x~ipad.png ... 
201454 bytes for ./LaunchImage-700-Portrait@2x~ipad.png
copying file ./Reader-Export@2x.png ... 
641 bytes for ./Reader-Export@2x.png
copying file ./PhotoImage@3x.png ... 
2744 bytes for ./PhotoImage@3x.png
copying file ./melogin.png ... 
20673 bytes for ./melogin.png
copying file ./ClassBookDefaultImage@2x.png ... 
3030 bytes for ./ClassBookDefaultImage@2x.png
copying file ./LoginPsdImage@3x.png ... 
1386 bytes for ./LoginPsdImage@3x.png
copying file ./AppIcon20x20@2x~ipad.png ... 
2018-08-23 09:04:47 +0000  2830 bytes for ./AppIcon20x20@2x~ipad.png
copying file ./HomeNewsImage@2x.png ... 
2018-08-23 09:04:47 +0000  3565 bytes for ./HomeNewsImage@2x.png
copying file ./toast_timeshort@2x.png ... 
2363 bytes for ./toast_timeshort@2x.png
copying file ./Info.plist ... 
2718 bytes for ./Info.plist
copying file ./EditPeriodImage@3x.png ... 
1477 bytes for ./EditPeriodImage@3x.png
copying file ./CommentGrayStarImage@2x.png ... 
2018-08-23 09:04:47 +0000  2018-08-23 09:04:47 +0000  /usr/bin/ditto exited with 0

2018-08-23 09:04:47 +0000  Processing step: IDEDistributionEmbedProfileStep
2018-08-23 09:04:47 +0000  Processing step: IDEDistributionItemRemovalStep
2018-08-23 09:04:47 +0000  Processing step: IDEDistributionAppThinningPlistStep
2018-08-23 09:04:47 +0000  Skipping step: IDEDistributionAppThinningPlistStep because it said so
2018-08-23 09:04:47 +0000  Processing step: IDEDistributionCompileBitcodeStep
2018-08-23 09:04:47 +0000  Skipping step: IDEDistributionCompileBitcodeStep because it said so
2018-08-23 09:04:47 +0000  Processing step: IDEDistributionCodeSlimmingStep
2018-08-23 09:04:47 +0000  Processing step: IDEDistributionCopyBCSymbolMapsStep
2018-08-23 09:04:47 +0000  Processing step: IDEDistributionSymbolsStep
2018-08-23 09:04:47 +0000  Processing symbols for Lmzyb.app
2018-08-23 09:04:47 +0000  Running /usr/bin/rsync '-8aPhhE' '/var/folders/85/cp9byfs93z57g6_zqknyt3vw0000gn/T/XcodeDistPipeline.Vzo/Root/Payload/Lmzyb.app' '--link-dest' '/var/folders/85/cp9byfs93z57g6_zqknyt3vw0000gn/T/XcodeDistPipeline.Vzo/Root/Payload' '/var/folders/85/cp9byfs93z57g6_zqknyt3vw0000gn/T/XcodeDistPipeline.Vzo'
2018-08-23 09:04:47 +0000  building file list ... 
 0 files...2018-08-23 09:04:47 +0000   100 files...2018-08-23 09:04:47 +0000   200 files... 300 files...303 files to consider
Lmzyb.app/
2018-08-23 09:04:47 +0000  /usr/bin/rsync exited with 0
2018-08-23 09:04:47 +0000  Running /usr/bin/rsync '-8aPhhE' '/Users/bk.xiong/Library/Developer/Xcode/Archives/2018-08-23/Lmzyb 2018-8-23 下午5.02.xcarchive/dSYMs/' '--link-dest' '/Users/bk.xiong/Library/Developer/Xcode/Archives/2018-08-23/Lmzyb 2018-8-23 下午5.02.xcarchive/dSYMs/' '/var/folders/85/cp9byfs93z57g6_zqknyt3vw0000gn/T/XcodeDistPipeline.Vzo'
2018-08-23 09:04:47 +0000  building file list ... 
 0 files...2018-08-23 09:04:47 +0000  /usr/bin/rsync exited with 0
2018-08-23 09:04:47 +0000  2018-08-23 09:04:47 +0000  Running /Applications/Xcode.app/Contents/Developer/usr/bin/symbols '-noTextInSOD' '-noDaemon' '-arch' 'all' '-symbolsPackageDir' '/var/folders/85/cp9byfs93z57g6_zqknyt3vw0000gn/T/XcodeDistPipeline.Vzo/Symbols' '/var/folders/85/cp9byfs93z57g6_zqknyt3vw0000gn/T/XcodeDistPipeline.Vzo/Lmzyb.app.dSYM/Contents/Resources/Dwarf/Lmzyb'

2018-08-23 09:04:47 +0000  7 files to consider
./
Lmzyb.app.dSYM/
Lmzyb.app.dSYM/Contents/
Lmzyb.app.dSYM/Contents/Resources/
Lmzyb.app.dSYM/Contents/Resources/DWARF/

sent 237 bytes  received 50 bytes  574.00 bytes/sec
total size is 16.55M  speedup is 60476.90
2018-08-23 09:04:54 +0000  /var/folders/85/cp9byfs93z57g6_zqknyt3vw0000gn/T/XcodeDistPipeline.Vzo/Lmzyb.app.dSYM/Contents/Resources/Dwarf/Lmzyb [armv7, 1.098359 seconds]:
/var/folders/85/cp9byfs93z57g6_zqknyt3vw0000gn/T/XcodeDistPipeline.Vzo/Lmzyb.app.dSYM/Contents/Resources/Dwarf/Lmzyb [arm64, 1.098359 seconds]:
2018-08-23 09:04:54 +0000  
2018-08-23 09:04:54 +0000  /Applications/Xcode.app/Contents/Developer/usr/bin/symbols exited with 0
2018-08-23 09:04:54 +0000  
2018-08-23 09:04:54 +0000  
2018-08-23 09:04:54 +0000  Processing step: IDEDistributionCopyAppleProvidedContentStep
2018-08-23 09:04:54 +0000  Processing step: IDEDistributionAppThinningStep
2018-08-23 09:04:54 +0000  Skipping step: IDEDistributionAppThinningStep because it said so
2018-08-23 09:04:54 +0000  Processing step: IDEDistributionODRStep
2018-08-23 09:04:54 +0000  Processing step: IDEDistributionStripXattrsStep
2018-08-23 09:04:54 +0000  Running /usr/bin/xattr '-crs' '/var/folders/85/cp9byfs93z57g6_zqknyt3vw0000gn/T/XcodeDistPipeline.Vzo/Root/Payload/Lmzyb.app'
2018-08-23 09:04:55 +0000  /usr/bin/xattr exited with 0
2018-08-23 09:04:55 +0000  Processing step: IDEDistributionCodesignStep
2018-08-23 09:04:55 +0000  Entitlements for <IDEDistributionItem: 0x7f9851a8b7e0 'cn.com.edutech.lmzyb' '<DVTFilePath:0x7f9851806ff0:'/Users/bk.xiong/Library/Developer/Xcode/Archives/2018-08-23/Lmzyb 2018-8-23 下午5.02.xcarchive/Products/Applications/Lmzyb.app'>'>: {
    "application-identifier" = "8QV68YFEFE.cn.com.edutech.lmzyb";
    "beta-reports-active" = 1;
    "com.apple.developer.team-identifier" = 8QV68YFEFE;
    "get-task-allow" = 0;
    "keychain-access-groups" =     (
        "8QV68YFEFE.cn.com.edutech.lmzyb"
    );
}
2018-08-23 09:04:55 +0000  Writing entitlements for <IDEDistributionItem: 0x7f9851a8b7e0 'cn.com.edutech.lmzyb' '<DVTFilePath:0x7f9851806ff0:'/Users/bk.xiong/Library/Developer/Xcode/Archives/2018-08-23/Lmzyb 2018-8-23 下午5.02.xcarchive/Products/Applications/Lmzyb.app'>'> to: /var/folders/85/cp9byfs93z57g6_zqknyt3vw0000gn/T/XcodeDistPipeline.Vzo/entitlementsjCbv0O
2018-08-23 09:04:55 +0000  Running /usr/bin/codesign '-vvv' '--force' '--sign' 'F162BA2022B691C47FDFE9BA23E51725A3211E8D' '--preserve-metadata=identifier,flags' '--entitlements' '/var/folders/85/cp9byfs93z57g6_zqknyt3vw0000gn/T/XcodeDistPipeline.Vzo/entitlementsjCbv0O' '/var/folders/85/cp9byfs93z57g6_zqknyt3vw0000gn/T/XcodeDistPipeline.Vzo/Root/Payload/Lmzyb.app'
2018-08-23 09:04:55 +0000  
2018-08-23 09:04:56 +0000  /var/folders/85/cp9byfs93z57g6_zqknyt3vw0000gn/T/XcodeDistPipeline.Vzo/Root/Payload/Lmzyb.app: replacing existing signature
2018-08-23 09:04:56 +0000  /var/folders/85/cp9byfs93z57g6_zqknyt3vw0000gn/T/XcodeDistPipeline.Vzo/Root/Payload/Lmzyb.app: signed app bundle with Mach-O universal (armv7 arm64) [cn.com.edutech.lmzyb]
2018-08-23 09:04:56 +0000  2018-08-23 09:04:56 +0000  /usr/bin/codesign exited with 0

2018-08-23 09:04:56 +0000  Processing step: IDEDistributionStreamingZipItemStep
2018-08-23 09:04:56 +0000  Skipping step: IDEDistributionStreamingZipItemStep because it said so
2018-08-23 09:04:56 +0000  Processing step: IDEDistributionCreateIPAStep
2018-08-23 09:04:56 +0000  Running /usr/bin/rsync '-8aPhhE' '/var/folders/85/cp9byfs93z57g6_zqknyt3vw0000gn/T/XcodeDistPipeline.Vzo/Symbols' '--link-dest' '/var/folders/85/cp9byfs93z57g6_zqknyt3vw0000gn/T/XcodeDistPipeline.Vzo' '/var/folders/85/cp9byfs93z57g6_zqknyt3vw0000gn/T/XcodeDistPipeline.Vzo/Root'
2018-08-23 09:04:56 +0000  
2018-08-23 09:04:56 +0000  2018-08-23 09:04:56 +0000  /usr/bin/rsync exited with 0

2018-08-23 09:04:56 +0000  Running /usr/bin/ditto '-V' '-c' '-k' '--norsrc' '/var/folders/85/cp9byfs93z57g6_zqknyt3vw0000gn/T/XcodeDistPipeline.Vzo/Root' '/var/folders/85/cp9byfs93z57g6_zqknyt3vw0000gn/T/XcodeDistPipeline.Vzo/Packages/Lmzyb.ipa'
2018-08-23 09:04:57 +0000  >>> Copying /var/folders/85/cp9byfs93z57g6_zqknyt3vw0000gn/T/XcodeDistPipeline.Vzo/Root 
copying file ./Payload/Lmzyb.app/_CodeSignature/CodeResources ... 
92254 bytes for ./Payload/Lmzyb.app/_CodeSignature/CodeResources
copying file ./Payload/Lmzyb.app/MyAnswerImage@3x.png ... 
2255 bytes for ./Payload/Lmzyb.app/MyAnswerImage@3x.png
copying file ./Payload/Lmzyb.app/JhtDocViewerImages.bundle/nav-back@3x.png ... 
2604 bytes for ./Payload/Lmzyb.app/JhtDocViewerImages.bundle/nav-back@3x.png
copying file ./Payload/Lmzyb.app/JhtDocViewerImages.bundle/nav-back@2x.png ... 
1928 bytes for ./Payload/Lmzyb.app/JhtDocViewerImages.bundle/nav-back@2x.png
copying file ./Payload/Lmzyb.app/JhtDocViewerImages.bundle/unknow@2x.png ... 
2779 bytes for ./Payload/Lmzyb.app/JhtDocViewerImages.bundle/unknow@2x.png
copying file ./Payload/Lmzyb.app/JhtDocViewerImages.bundle/txt@2x.png ... 
3156 bytes for ./Payload/Lmzyb.app/JhtDocViewerImages.bundle/txt@2x.png
copying file ./Payload/Lmzyb.app/JhtDocViewerImages.bundle/txt@3x.png ... 
4341 bytes for ./Payload/Lmzyb.app/JhtDocViewerImages.bundle/txt@3x.png
copying file ./Payload/Lmzyb.app/JhtDocViewerImages.bundle/unknow@3x.png ... 
3820 bytes for ./Payload/Lmzyb.app/JhtDocViewerImages.bundle/unknow@3x.png
copying file ./Payload/Lmzyb.app/JhtDocViewerImages.bundle/word@3x.png ... 
5145 bytes for ./Payload/Lmzyb.app/JhtDocViewerImages.bundle/word@3x.png
copying file ./Payload/Lmzyb.app/JhtDocViewerImages.bundle/ppt@3x.png ... 
3509 bytes for ./Payload/Lmzyb.app/JhtDocViewerImages.bundle/ppt@3x.png
copying file ./Payload/Lmzyb.app/JhtDocViewerImages.bundle/dumpView.png ... 
1433 bytes for ./Payload/Lmzyb.app/JhtDocViewerImages.bundle/dumpView.png
copying file ./Payload/Lmzyb.app/JhtDocViewerImages.bundle/excel@3x.png ... 
4869 bytes for ./Payload/Lmzyb.app/JhtDocViewerImages.bundle/excel@3x.png
copying file ./Payload/Lmzyb.app/JhtDocViewerImages.bundle/network_lost@2x.png ... 
438 bytes for ./Payload/Lmzyb.app/JhtDocViewerImages.bundle/network_lost@2x.png
copying file ./Payload/Lmzyb.app/JhtDocViewerImages.bundle/network_lost@3x.png ... 
1160 bytes for ./Payload/Lmzyb.app/JhtDocViewerImages.bundle/network_lost@3x.png
copying file ./Payload/Lmzyb.app/JhtDocViewerImages.bundle/excel@2x.png ... 
3414 bytes for ./Payload/Lmzyb.app/JhtDocViewerImages.bundle/excel@2x.png
copying file ./Payload/Lmzyb.app/JhtDocViewerImages.bundle/ppt@2x.png ... 
2545 bytes for ./Payload/Lmzyb.app/JhtDocViewerImages.bundle/ppt@2x.png
copying file ./Payload/Lmzyb.app/JhtDocViewerImages.bundle/word@2x.png ... 
3722 bytes for ./Payload/Lmzyb.app/JhtDocViewerImages.bundle/word@2x.png
copying file ./Payload/Lmzyb.app/JhtDocViewerImages.bundle/close@3x.png ... 
2003 bytes for ./Payload/Lmzyb.app/JhtDocViewerImages.bundle/close@3x.png
copying file ./Payload/Lmzyb.app/JhtDocViewerImages.bundle/pdf@2x.png ... 
3316 bytes for ./Payload/Lmzyb.app/JhtDocViewerImages.bundle/pdf@2x.png
copying file ./Payload/Lmzyb.app/JhtDocViewerImages.bundle/pdf@3x.png ... 
4632 bytes for ./Payload/Lmzyb.app/JhtDocViewerImages.bundle/pdf@3x.png
copying file ./Payload/Lmzyb.app/JhtDocViewerImages.bundle/close@2x.png ... 
1613 bytes for ./Payload/Lmzyb.app/JhtDocViewerImages.bundle/close@2x.png
copying file ./Payload/Lmzyb.app/UserImage50@2x.png ... 
3728 bytes for ./Payload/Lmzyb.app/UserImage50@2x.png
copying file ./Payload/Lmzyb.app/DevelopmentImage@3x.png ... 
11163 bytes for ./Payload/Lmzyb.app/DevelopmentImage@3x.png
copying file ./Payload/Lmzyb.app/ServiceImage@3x.png ... 
1772 bytes for ./Payload/Lmzyb.app/ServiceImage@3x.png
copying file ./Payload/Lmzyb.app/Reader-Email@2x.png ... 
700 bytes for ./Payload/Lmzyb.app/Reader-Email@2x.png
copying file ./Payload/Lmzyb.app/LaunchImage-1100-Portrait-2436h@3x.png ... 
16305 bytes for ./Payload/Lmzyb.app/LaunchImage-1100-Portrait-2436h@3x.png
copying file ./Payload/Lmzyb.app/ComplainTeacherAnswer.txt ... 
235 bytes for ./Payload/Lmzyb.app/ComplainTeacherAnswer.txt
copying file ./Payload/Lmzyb.app/ProductCategoryCell.nib ... 
3688 bytes for ./Payload/Lmzyb.app/ProductCategoryCell.nib
copying file ./Payloa
2018-08-23 09:04:57 +0000  d/Lmzyb.app/AppIcon-167.png ... 
69748 bytes for ./Payload/Lmzyb.app/AppIcon-167.png
copying file ./Payload/Lmzyb.app/NavOnlineAskImage@3x.png ... 
1971 bytes for ./Payload/Lmzyb.app/NavOnlineAskImage@3x.png
copying file ./Payload/Lmzyb.app/photo_delete@3x.png ... 
829 bytes for ./Payload/Lmzyb.app/photo_delete@3x.png
copying file ./Payload/Lmzyb.app/EnglishRoatingImage@2x.png ... 
118145 bytes for ./Payload/Lmzyb.app/EnglishRoatingImage@2x.png
copying file ./Payload/Lmzyb.app/RecordImage@3x.png ... 
4440 bytes for ./Payload/Lmzyb.app/RecordImage@3x.png
copying file ./Payload/Lmzyb.app/AppIcon20x20@2x.png ... 
2830 bytes for ./Payload/Lmzyb.app/AppIcon20x20@2x.png
copying file ./Payload/Lmzyb.app/Reader-Button-N@3x.png ... 
2022 bytes for ./Payload/Lmzyb.app/Reader-Button-N@3x.png
copying file ./Payload/Lmzyb.app/LoginUserNameImage@2x.png ... 
1578 bytes for ./Payload/Lmzyb.app/LoginUserNameImage@2x.png
copying file ./Payload/Lmzyb.app/icon_voice_sender_1@2x.png ... 
296 bytes for ./Payload/Lmzyb.app/icon_voice_sender_1@2x.png
copying file ./Payload/Lmzyb.app/TearcherIssureProtocol.txt ... 
685 bytes for ./Payload/Lmzyb.app/TearcherIssureProtocol.txt
copying file ./Payload/Lmzyb.app/toast_vol_5@2x.png ... 
439 bytes for ./Payload/Lmzyb.app/toast_vol_5@2x.png
copying file ./Payload/Lmzyb.app/NavHomeImage@2x.png ... 
1124 bytes for ./Payload/Lmzyb.app/NavHomeImage@2x.png
copying file ./Payload/Lmzyb.app/EditNameImage@2x.png ... 
910 bytes for ./Payload/Lmzyb.app/EditNameImage@2x.png
copying file ./Payload/Lmzyb.app/NavigationBarBackgroundImage@3x.png ... 
1548 bytes for ./Payload/Lmzyb.app/NavigationBarBackgroundImage@3x.png
copying file ./Payload/Lmzyb.app/HomeMessageImage@3x.png ... 
1679 bytes for ./Payload/Lmzyb.app/HomeMessageImage@3x.png
copying file ./Payload/Lmzyb.app/Reader-Print.png ... 
277 bytes for ./Payload/Lmzyb.app/Reader-Print.png
copying file ./Payload/Lmzyb.app/toast_vol_7@2x.png ... 
565 bytes for ./Payload/Lmzyb.app/toast_vol_7@2x.png
copying file ./Payload/Lmzyb.app/HomeMessageImage@2x.png ... 
1067 bytes for ./Payload/Lmzyb.app/HomeMessageImage@2x.png
copying file ./Payload/Lmzyb.app/EditNameImage@3x.png ... 
1571 bytes for ./Payload/Lmzyb.app/EditNameImage@3x.png
copying file ./Payload/Lmzyb.app/icon_voice_sender_3@2x.png ... 
849 bytes for ./Payload/Lmzyb.app/icon_voice_sender_3@2x.png
copying file ./Payload/Lmzyb.app/LoginUserNameImage@3x.png ... 
2477 bytes for ./Payload/Lmzyb.app/LoginUserNameImage@3x.png
copying file ./Payload/Lmzyb.app/search@3x.png ... 
935 bytes for ./Payload/Lmzyb.app/search@3x.png
copying file ./Payload/Lmzyb.app/Reader-Button-N@2x.png ... 
1740 bytes for ./Payload/Lmzyb.app/Reader-Button-N@2x.png
copying file ./Payload/Lmzyb.app/RecordImage@2x.png ... 
3033 bytes for ./Payload/Lmzyb.app/RecordImage@2x.png
copying file ./Payload/Lmzyb.app/AppIcon20x20@3x.png ... 
4248 bytes for ./Payload/Lmzyb.app/AppIcon20x20@3x.png
copying file ./Payload/Lmzyb.app/photo_delete@2x.png ... 
532 bytes for ./Payload/Lmzyb.app/photo_delete@2x.png
copying file ./Payload/Lmzyb.app/WhiteNavImage@3x.png ... 
214 bytes for ./Payload/Lmzyb.app/WhiteNavImage@3x.png
copying file ./Payload/Lmzyb.app/NavOnlineAskImage@2x.png ... 
1233 bytes for ./Payload/Lmzyb.app/NavOnlineAskImage@2x.png
copying file ./Payload/Lmzyb.app/SetTeachingImage@3x.png ... 
1288 bytes for ./Payload/Lmzyb.app/SetTeachingImage@3x.png
copying file ./Payload/Lmzyb.app/Reader-Email@3x.png ... 
1043 bytes for ./Payload/Lmzyb.app/Reader-Email@3x.png
copying file ./Payload/Lmzyb.app/ServiceImage@2x.png ... 
1034 bytes for ./Payload/Lmzyb.app/ServiceImage@2x.png
copying file ./Payload/Lmzyb.app/UserImage50@3x.png ... 
5770 bytes for ./Payload/Lmzyb.app/UserImage50@3x.png
copying file ./Payload/Lmzyb.app/DevelopmentImage@2x.png ... 
7342 bytes for ./Payload/Lmzyb.app/DevelopmentImage@2x.png
copying file ./Payload/Lmzyb.app/MJRefresh.bundle/zh-Hans.lproj/Localizable.strings ... 
1194 bytes for ./Payload/Lmzyb.app/MJRefresh.bundle/zh-Hans.lproj/Localizable.strings
copying file ./Payload/Lmzyb.app/MJRefresh.bundle/en.lproj/Localizable.stri
2018-08-23 09:04:57 +0000  ngs ... 
1372 bytes for ./Payload/Lmzyb.app/MJRefresh.bundle/en.lproj/Localizable.strings
copying file ./Payload/Lmzyb.app/MJRefresh.bundle/arrow@2x.png ... 
1033 bytes for ./Payload/Lmzyb.app/MJRefresh.bundle/arrow@2x.png
copying file ./Payload/Lmzyb.app/MJRefresh.bundle/zh-Hant.lproj/Localizable.strings ... 
773 bytes for ./Payload/Lmzyb.app/MJRefresh.bundle/zh-Hant.lproj/Localizable.strings
copying file ./Payload/Lmzyb.app/clearImage@3x.png ... 
174 bytes for ./Payload/Lmzyb.app/clearImage@3x.png
copying file ./Payload/Lmzyb.app/MyAnswerImage@2x.png ... 
1414 bytes for ./Payload/Lmzyb.app/MyAnswerImage@2x.png
copying file ./Payload/Lmzyb.app/Reader-Mark-Y@2x.png ... 
164 bytes for ./Payload/Lmzyb.app/Reader-Mark-Y@2x.png
copying file ./Payload/Lmzyb.app/MicroCourseImage@3x.png ... 
2049 bytes for ./Payload/Lmzyb.app/MicroCourseImage@3x.png
copying file ./Payload/Lmzyb.app/AppIcon60x60@2x.png ... 
13781 bytes for ./Payload/Lmzyb.app/AppIcon60x60@2x.png
copying file ./Payload/Lmzyb.app/Reader-Button-H@3x.png ... 
2191 bytes for ./Payload/Lmzyb.app/Reader-Button-H@3x.png
copying file ./Payload/Lmzyb.app/RechargeController.nib ... 
5101 bytes for ./Payload/Lmzyb.app/RechargeController.nib
copying file ./Payload/Lmzyb.app/toast_vol_3@2x.png ... 
321 bytes for ./Payload/Lmzyb.app/toast_vol_3@2x.png
copying file ./Payload/Lmzyb.app/ScanLineImage@3x.png ... 
5881 bytes for ./Payload/Lmzyb.app/ScanLineImage@3x.png
copying file ./Payload/Lmzyb.app/AppIcon29x29@2x.png ... 
3955 bytes for ./Payload/Lmzyb.app/AppIcon29x29@2x.png
copying file ./Payload/Lmzyb.app/Reader-Button-H.png ... 
531 bytes for ./Payload/Lmzyb.app/Reader-Button-H.png
copying file ./Payload/Lmzyb.app/LoginlogoImage@3x.png ... 
134567 bytes for ./Payload/Lmzyb.app/LoginlogoImage@3x.png
copying file ./Payload/Lmzyb.app/RecordBackImage@3x.png ... 
2399 bytes for ./Payload/Lmzyb.app/RecordBackImage@3x.png
copying file ./Payload/Lmzyb.app/LaunchImage-800-667h@2x.png ... 
35483 bytes for ./Payload/Lmzyb.app/LaunchImage-800-667h@2x.png
copying file ./Payload/Lmzyb.app/ClassListPlayImage@3x.png ... 
1286 bytes for ./Payload/Lmzyb.app/ClassListPlayImage@3x.png
copying file ./Payload/Lmzyb.app/EditPhoneImage@3x.png ... 
1547 bytes for ./Payload/Lmzyb.app/EditPhoneImage@3x.png
copying file ./Payload/Lmzyb.app/HomeListernDefaultImage@3x.png ... 
50505 bytes for ./Payload/Lmzyb.app/HomeListernDefaultImage@3x.png
copying file ./Payload/Lmzyb.app/AppIcon40x40@3x.png ... 
13781 bytes for ./Payload/Lmzyb.app/AppIcon40x40@3x.png
copying file ./Payload/Lmzyb.app/SetUpImage@2x.png ... 
1463 bytes for ./Payload/Lmzyb.app/SetUpImage@2x.png
copying file ./Payload/Lmzyb.app/NavigationBarBackgroundImage_iPhoneX@3x.png ... 
2138 bytes for ./Payload/Lmzyb.app/NavigationBarBackgroundImage_iPhoneX@3x.png
copying file ./Payload/Lmzyb.app/toast_microphone@2x.png ... 
2806 bytes for ./Payload/Lmzyb.app/toast_microphone@2x.png
copying file ./Payload/Lmzyb.app/TZImagePickerController.bundle/takePicture@2x.png ... 
5924 bytes for ./Payload/Lmzyb.app/TZImagePickerController.bundle/takePicture@2x.png
copying file ./Payload/Lmzyb.app/TZImagePickerController.bundle/zh-Hans.lproj/Localizable.strings ... 
1902 bytes for ./Payload/Lmzyb.app/TZImagePickerController.bundle/zh-Hans.lproj/Localizable.strings
copying file ./Payload/Lmzyb.app/TZImagePickerController.bundle/photo_sel_photoPickerVc@2x.png ... 
1006 bytes for ./Payload/Lmzyb.app/TZImagePickerController.bundle/photo_sel_photoPickerVc@2x.png
copying file ./Payload/Lmzyb.app/TZImagePickerController.bundle/en.lproj/Localizable.strings ... 
2594 bytes for ./Payload/Lmzyb.app/TZImagePickerController.bundle/en.lproj/Localizable.strings
copying file ./Payload/Lmzyb.app/TZImagePickerController.bundle/MMVideoPreviewPlayHL@2x.png ... 
3645 bytes for ./Payload/Lmzyb.app/TZImagePickerController.bundle/MMVideoPreviewPlayHL@2x.png
copying file ./Payload/Lmzyb.app/TZImagePickerController.bundle/photo_sel_previewVc@2x.png ... 
1183 bytes for ./Payload/Lmzyb.app/TZImagePickerController.bundle/photo_sel_previewVc@2x.png
copying file ./Payload/Lmzyb.app/TZImagePi
2018-08-23 09:04:57 +0000  ckerController.bundle/MMVideoPreviewPlay@2x.png ... 
3645 bytes for ./Payload/Lmzyb.app/TZImagePickerController.bundle/MMVideoPreviewPlay@2x.png
copying file ./Payload/Lmzyb.app/TZImagePickerController.bundle/preview_original_def@2x.png ... 
392 bytes for ./Payload/Lmzyb.app/TZImagePickerController.bundle/preview_original_def@2x.png
copying file ./Payload/Lmzyb.app/TZImagePickerController.bundle/photo_def_previewVc@2x.png ... 
1155 bytes for ./Payload/Lmzyb.app/TZImagePickerController.bundle/photo_def_previewVc@2x.png
copying file ./Payload/Lmzyb.app/TZImagePickerController.bundle/photo_original_sel@2x.png ... 
620 bytes for ./Payload/Lmzyb.app/TZImagePickerController.bundle/photo_original_sel@2x.png
copying file ./Payload/Lmzyb.app/TZImagePickerController.bundle/photo_def_photoPickerVc@2x.png ... 
1155 bytes for ./Payload/Lmzyb.app/TZImagePickerController.bundle/photo_def_photoPickerVc@2x.png
copying file ./Payload/Lmzyb.app/TZImagePickerController.bundle/TableViewArrow@2x.png ... 
299 bytes for ./Payload/Lmzyb.app/TZImagePickerController.bundle/TableViewArrow@2x.png
copying file ./Payload/Lmzyb.app/TZImagePickerController.bundle/preview_number_icon@2x.png ... 
501 bytes for ./Payload/Lmzyb.app/TZImagePickerController.bundle/preview_number_icon@2x.png
copying file ./Payload/Lmzyb.app/TZImagePickerController.bundle/navi_back@2x.png ... 
116 bytes for ./Payload/Lmzyb.app/TZImagePickerController.bundle/navi_back@2x.png
copying file ./Payload/Lmzyb.app/TZImagePickerController.bundle/photo_original_def@2x.png ... 
1602 bytes for ./Payload/Lmzyb.app/TZImagePickerController.bundle/photo_original_def@2x.png
copying file ./Payload/Lmzyb.app/TZImagePickerController.bundle/Root.plist ... 
1456 bytes for ./Payload/Lmzyb.app/TZImagePickerController.bundle/Root.plist
copying file ./Payload/Lmzyb.app/TZImagePickerController.bundle/photo_number_icon@2x.png ... 
501 bytes for ./Payload/Lmzyb.app/TZImagePickerController.bundle/photo_number_icon@2x.png
copying file ./Payload/Lmzyb.app/TZImagePickerController.bundle/VideoSendIcon@2x.png ... 
223 bytes for ./Payload/Lmzyb.app/TZImagePickerController.bundle/VideoSendIcon@2x.png
copying file ./Payload/Lmzyb.app/SliderImage@2x.png ... 
1327 bytes for ./Payload/Lmzyb.app/SliderImage@2x.png
copying file ./Payload/Lmzyb.app/RechargeAddImage@2x.png ... 
431 bytes for ./Payload/Lmzyb.app/RechargeAddImage@2x.png
copying file ./Payload/Lmzyb.app/RechargeAddImage@3x.png ... 
696 bytes for ./Payload/Lmzyb.app/RechargeAddImage@3x.png
copying file ./Payload/Lmzyb.app/AppIcon29x29~ipad.png ... 
1985 bytes for ./Payload/Lmzyb.app/AppIcon29x29~ipad.png
copying file ./Payload/Lmzyb.app/AppIcon40x40@2x.png ... 
6774 bytes for ./Payload/Lmzyb.app/AppIcon40x40@2x.png
copying file ./Payload/Lmzyb.app/AlbumAddBtn@2x.png ... 
136 bytes for ./Payload/Lmzyb.app/AlbumAddBtn@2x.png
copying file ./Payload/Lmzyb.app/SetUpImage@3x.png ... 
2457 bytes for ./Payload/Lmzyb.app/SetUpImage@3x.png
copying file ./Payload/Lmzyb.app/ClassListPlayImage@2x.png ... 
862 bytes for ./Payload/Lmzyb.app/ClassListPlayImage@2x.png
copying file ./Payload/Lmzyb.app/EditPhoneImage@2x.png ... 
855 bytes for ./Payload/Lmzyb.app/EditPhoneImage@2x.png
copying file ./Payload/Lmzyb.app/HomeListernDefaultImage@2x.png ... 
2018-08-23 09:04:57 +0000  25609 bytes for ./Payload/Lmzyb.app/HomeListernDefaultImage@2x.png
2018-08-23 09:04:57 +0000  copying file ./Payload/Lmzyb.app/OnLineRechargeImage@2x.png ... 
2018-08-23 09:04:57 +0000  1078 bytes for ./Payload/Lmzyb.app/OnLineRechargeImage@2x.png
2018-08-23 09:04:57 +0000  copying file ./Payload/Lmzyb.app/RecordBackImage@2x.png ... 
2018-08-23 09:04:57 +0000  1042 bytes for ./Payload/Lmzyb.app/RecordBackImage@2x.png
2018-08-23 09:04:57 +0000  copying file ./Payload/Lmzyb.app/LoginlogoImage@2x.png ... 
2018-08-23 09:04:57 +0000  63865 bytes for ./Payload/Lmzyb.app/LoginlogoImage@2x.png
copying file ./Payload/Lmzyb.app/AppIcon-076.png ... 
15296 bytes for ./Payload/Lmzyb.app/AppIcon-076.png
copying file ./Payload/Lmzyb.app/AppIcon29x29@3x.png ... 
7907 bytes for ./Payload/Lmzyb.app/AppIcon29x29@3x.png
copying file ./Payload/Lmzyb.app/ScanBackgroundImage@3x.png ... 
3860 bytes for ./Payload/Lmzyb.app/ScanBackgroundImage@3x.png
copying file ./Payload/Lmzyb.app/Reader-Button-N.png ... 
492 bytes for ./Payload/Lmzyb.app/Reader-Button-N.png
copying file ./Payload/Lmzyb.app/AppIcon60x60@3x.png ... 
28006 bytes for ./Payload/Lmzyb.app/AppIcon60x60@3x.png
copying file ./Payload/Lmzyb.app/Reader-Button-H@2x.png ... 
1605 bytes for ./Payload/Lmzyb.app/Reader-Button-H@2x.png
copying file ./Payload/Lmzyb.app/Base.lproj/LaunchScreen.storyboardc/01J-lp-oVM-view-Ze5-6b-2t3.nib ... 
1792 bytes for ./Payload/Lmzyb.app/Base.lproj/LaunchScreen.storyboardc/01J-lp-oVM-view-Ze5-6b-2t3.nib
copying file ./Payload/Lmzyb.app/Base.lproj/LaunchScreen.storyboardc/UIViewController-01J-lp-oVM.nib ... 
832 bytes for ./Payload/Lmzyb.app/Base.lproj/LaunchScreen.storyboardc/UIViewController-01J-lp-oVM.nib
copying file ./Payload/Lmzyb.app/Base.lproj/LaunchScreen.storyboardc/Info.plist ... 
258 bytes for ./Payload/Lmzyb.app/Base.lproj/LaunchScreen.storyboardc/Info.plist
2018-08-23 09:04:57 +0000  copying file ./Payload/Lmzyb.app/toast_vol_1@2x.png ... 
2018-08-23 09:04:57 +0000  186 bytes for ./Payload/Lmzyb.app/toast_vol_1@2x.png
copying file ./Payload/Lmzyb.app/MicroCourseImage@2x.png ... 
2018-08-23 09:04:57 +0000  913 bytes for ./Payload/Lmzyb.app/MicroCourseImage@2x.png
copying file ./Payload/Lmzyb.app/EnglishPlayer@2x.png ... 
5193 bytes for ./Payload/Lmzyb.app/EnglishPlayer@2x.png
copying file ./Payload/Lmzyb.app/Reader-Mark-Y@3x.png ... 
2018-08-23 09:04:57 +0000  350 bytes for ./Payload/Lmzyb.app/Reader-Mark-Y@3x.png
copying file ./Payload/Lmzyb.app/StudentIssureProtocol.txt ... 
511 bytes for ./Payload/Lmzyb.app/StudentIssureProtocol.txt
copying file ./Payload/Lmzyb.app/ZFPlayer.bundle/ZFPlayer_unlock-nor@2x.png ... 
2466 bytes for ./Payload/Lmzyb.app/ZFPlayer.bundle/ZFPlayer_unlock-nor@2x.png
copying file ./Payload/Lmzyb.app/ZFPlayer.bundle/ZFPlayer_close.png ... 
15896 bytes for ./Payload/Lmzyb.app/ZFPlayer.bundle/ZFPlayer_close.png
copying file ./Payload/Lmzyb.app/ZFPlayer.bundle/ZFPlayer_slider.png ... 
1117 bytes for ./Payload/Lmzyb.app/ZFPlayer.bundle/ZFPlayer_slider.png
copying file ./Payload/Lmzyb.app/ZFPlayer.bundle/ZFPlayer_play@3x.png ... 
660 bytes for ./Payload/Lmzyb.app/ZFPlayer.bundle/ZFPlayer_play@3x.png
copying file ./Payload/Lmzyb.app/ZFPlayer.bundle/ZFPlayer_slider@2x.png ... 
577 bytes for ./Payload/Lmzyb.app/ZFPlayer.bundle/ZFPlayer_slider@2x.png
copying file ./Payload/Lmzyb.app/ZFPlayer.bundle/ZFPlayer_play_btn@2x.png ... 
1820 bytes for ./Payload/Lmzyb.app/ZFPlayer.bundle/ZFPlayer_play_btn@2x.png
copying file ./Payload/Lmzyb.app/ZFPlayer.bundle/ZFPlayer_fullscreen.png ... 
15013 bytes for ./Payload/Lmzyb.app/ZFPlayer.bundle/ZFPlayer_fullscreen.png
copying file ./Payload/Lmzyb.app/ZFPlayer.bundle/ZFPlayer_slider@3x.png ... 
2018-08-23 09:04:57 +0000  2061 bytes for ./Payload/Lmzyb.app/ZFPlayer.bundle/ZFPlayer_slider@3x.png
copying file ./Payload/Lmzyb.app/ZFPlayer.bundle/ZFPlayer_play@2x.png ... 
453 bytes for ./Payload/Lmzyb.app/ZFPlayer.bundle/ZFPlayer_play@2x.png
2018-08-23 09:04:57 +0000  copying file ./Payload/Lmzyb.app/ZFPlayer.bundle/ZFPlayer_unlock-nor@3x.png ... 
3786 bytes for ./Payload/Lmzyb.app/ZFPlayer.bundle/ZFPlayer_unlock-nor@3x.png
copying file ./Payload/Lmzyb.app/ZFPlayer.bundle/ZFPlayer_shrinkscreen@3x.png ... 
1221 bytes for ./Payload/Lmzyb.app/ZFPlayer.bundle/ZFPlayer_shrinkscreen@3x.png
copying file ./Payload/Lmzyb.app/ZFPlayer.bundle/ZFPlayer_pause@3x.png ... 
188 bytes for ./Payload/Lmzyb.app/ZFPlayer.bundle/ZFPlayer_pause@3x.png
copying file ./Payload/Lmzyb.app/ZFPlayer.bundle/ZFPlayer_lock-nor@2x.png ... 
2481 bytes for ./Payload/Lmzyb.app/ZFPlayer.bundle/ZFPlayer_lock-nor@2x.png
copying file ./Payload/Lmzyb.app/ZFPlayer.bundle/ZFPlayer_fast_forward@2x.png ... 
565 bytes for ./Payload/Lmzyb.app/ZFPlayer.bundle/ZFPlayer_fast_forward@2x.png
copying file ./Payload/Lmzyb.app/ZFPlayer.bundle/ZFPlayer_download@2x.png ... 
2018-08-23 09:04:57 +0000  327 bytes for ./Payload/Lmzyb.app/ZFPlayer.bundle/ZFPlayer_download@2x.png
copying file ./Payload/Lmzyb.app/ZFPlayer.bundle/ZFPlayer_download@3x.png ... 
426 bytes for ./Payload/Lmzyb.app/ZFPlayer.bundle/ZFPlayer_download@3x.png
copying file ./Payload/Lmzyb.app/ZFPlayer.bundle/ZFPlayer_pause.png ... 
2018-08-23 09:04:57 +0000  14932 bytes for ./Payload/Lmzyb.app/ZFPlayer.bundle/ZFPlayer_pause.png
2018-08-23 09:04:57 +0000  copying file ./Payload/Lmzyb.app/ZFPlayer.bundle/ZFPlayer_fast_forward@3x.png ... 
772 bytes for ./Payload/Lmzyb.app/ZFPlayer.bundle/ZFPlayer_fast_forward@3x.png
copying file ./Payload/Lmzyb.app/ZFPlayer.bundle/ZFPlayer_lock-nor@3x.png ... 
3797 bytes for ./Payload/Lmzyb.app/ZFPlayer.bundle/ZFPlayer_lock-nor@3x.png
copying file ./Payload/Lmzyb.app/ZFPlayer.bundle/ZFPlayer_pause@2x.png ... 
168 bytes for ./Payload/Lmzyb.app/ZFPlayer.bundle/ZFPlayer_pause@2x.png
copying file ./Payload/Lmzyb.app/ZFPlayer.bundle/ZFPlayer_shrinkscreen@2x.png ... 
1096 bytes for ./Payload/Lmzyb.app/ZFPlayer.bundle/ZFPlayer_shrinkscreen@2x.png
copying file ./Payload/Lmzyb.app/ZFPlayer.bundle/ZFPlayer_top_shadow.png ... 
3021 bytes for ./Payload/Lmzyb.app/ZFPlayer.bundle/ZFPlayer_top_shadow.png
2018-08-23 09:04:57 +0000  copying file ./Payload/Lmzyb.app/ZFPlayer.bundle/ZFPlayer_close@2x.png ... 
1851 bytes for ./Payload/Lmzyb.app/ZFPlayer.bundle/ZFPlayer_close@2x.png
copying file ./Payload/Lmzyb.app/ZFPlayer.bundle/ZFPlayer_fast_backward@3x.png ... 
834 bytes for ./Payload/Lmzyb.app/ZFPlayer.bundle/ZFPlayer_fast_backward@3x.png
copying file ./Payload/Lmzyb.app/ZFPlayer.bundle/ZFPlayer_close@3x.png ... 
2325 bytes for ./Payload/Lmzyb.app/ZFPlayer.bundle/ZFPlayer_close@3x.png
copying file ./Payload/Lmzyb.app/ZFPlayer.bundle/ZFPlayer_fast_backward@2x.png ... 
615 bytes for ./Payload/Lmzyb.app/ZFPlayer.bundle/ZFPlayer_fast_backward@2x.png
copying file ./Payload/Lmzyb.app/ZFPlayer.bundle/ZFPlayer_shrinkscreen.png ... 
1028 bytes for ./Payload/Lmzyb.app/ZFPlayer.bundle/ZFPlayer_shrinkscreen.png
copying file ./Payload/Lmzyb.app/ZFPlayer.bundle/ZFPlayer_repeat_video@3x.png ... 
2018-08-23 09:04:57 +0000  4966 bytes for ./Payload/Lmzyb.app/ZFPlayer.bundle/ZFPlayer_repeat_video@3x.png
copying file ./Payload/Lmzyb.app/ZFPlayer.bundle/ZFPlayer_bottom_shadow.png ... 
1142 bytes for ./Payload/Lmzyb.app/ZFPlayer.bundle/ZFPlayer_bottom_shadow.png
copying file ./Payload/Lmzyb.app/ZFPlayer.bundle/ZFPlayer_fullscreen@3x.png ... 
1213 bytes for ./Payload/Lmzyb.app/ZFPlayer.bundle/ZFPlayer_fullscreen@3x.png
2018-08-23 09:04:57 +0000  copying file ./Payload/Lmzyb.app/ZFPlayer.bundle/ZFPlayer_not_download@3x.png ... 
2018-08-23 09:04:57 +0000  833 bytes for ./Payload/Lmzyb.app/ZFPlayer.bundle/ZFPlayer_not_download@3x.png
copying file ./Payload/Lmzyb.app/ZFPlayer.bundle/ZFPlayer_back_full@3x.png ... 
513 bytes for ./Payload/Lmzyb.app/ZFPlayer.bundle/ZFPlayer_back_full@3x.png
copying file ./Payload/Lmzyb.app/ZFPlayer.bundle/ZFPlayer_brightness@2x.png ... 
2018-08-23 09:04:57 +0000  1936 bytes for ./Payload/Lmzyb.app/ZFPlayer.bundle/ZFPlayer_brightness@2x.png
copying file ./Payload/Lmzyb.app/ZFPlayer.bundle/ZFPlayer_back_full@2x.png ... 
339 bytes for ./Payload/Lmzyb.app/ZFPlayer.bundle/ZFPlayer_back_full@2x.png
copying file ./Payload/Lmzyb.app/ZFPlayer.bundle/ZFPlayer_not_download@2x.png ... 
587 bytes for ./Payload/Lmzyb.app/ZFPlayer.bundle/ZFPlayer_not_download@2x.png
copying file ./Payload/Lmzyb.app/ZFPlayer.bundle/ZFPlayer_fullscreen@2x.png ... 
1094 bytes for ./Payload/Lmzyb.app/ZFPlayer.bundle/ZFPlayer_fullscreen@2x.png
copying file ./Payload/Lmzyb.app/ZFPlayer.bundle/ZFPlayer_repeat_video.png ... 
2018-08-23 09:04:57 +0000  2405 bytes for ./Payload/Lmzyb.app/ZFPlayer.bundle/ZFPlayer_repeat_video.png
copying file ./Payload/Lmzyb.app/ZFPlayer.bundle/ZFPlayer_repeat_video@2x.png ... 
3499 bytes for ./Payload/Lmzyb.app/ZFPlayer.bundle/ZFPlayer_repeat_video@2x.png
copying file ./Payload/Lmzyb.app/NavMeImage@2x.png ... 
1030 bytes for ./Payload/Lmzyb.app/NavMeImage@2x.png
copying file ./Payload/Lmzyb.app/NavDowloadImage@2x.png ... 
2018-08-23 09:04:57 +0000  1034 bytes for ./Payload/Lmzyb.app/NavDowloadImage@2x.png
2018-08-23 09:04:57 +0000  copying file ./Payload/Lmzyb.app/AnsweringRuleImage@2x.png ... 
1183 bytes for ./Payload/Lmzyb.app/AnsweringRuleImage@2x.png
copying file ./Payload/Lmzyb.app/EnglishPlayering@2x.png ... 
4728 bytes for ./Payload/Lmzyb.app/EnglishPlayering@2x.png
copying file ./Payload/Lmzyb.app/MoneyImage@3x.png ... 
2018-08-23 09:04:57 +0000  2027 bytes for ./Payload/Lmzyb.app/MoneyImage@3x.png
copying file ./Payload/Lmzyb.app/Reader-Print@2x.png ... 
2018-08-23 09:04:57 +0000  495 bytes for ./Payload/Lmzyb.app/Reader-Print@2x.png
2018-08-23 09:04:57 +0000  copying file ./Payload/Lmzyb.app/NavOnlineTextImage@2x.png ... 
2018-08-23 09:04:57 +0000  1404 bytes for ./Payload/Lmzyb.app/NavOnlineTextImage@2x.png
copying file ./Payload/Lmzyb.app/Lmzyb ... 
2018-08-23 09:04:59 +0000  6881280 bytes for ./Payload/Lmzyb.app/Lmzyb
copying file ./Payload/Lmzyb.app/NavEnglishImage@2x.png ... 
558 bytes for ./Payload/Lmzyb.app/NavEnglishImage@2x.png
copying file ./Payload/Lmzyb.app/Reader-Thumbs.png ... 
231 bytes for ./Payload/Lmzyb.app/Reader-Thumbs.png
copying file ./Payload/Lmzyb.app/toast_vol_4@2x.png ... 
391 bytes for ./Payload/Lmzyb.app/toast_vol_4@2x.png
copying file ./Payload/Lmzyb.app/NavNewsImage@3x.png ... 
712 bytes for ./Payload/Lmzyb.app/NavNewsImage@3x.png
copying file ./Payload/Lmzyb.app/NavListernImage@2x.png ... 
1392 bytes for ./Payload/Lmzyb.app/NavListernImage@2x.png
copying file ./Payload/Lmzyb.app/HomeScanImage@2x.png ... 
776 bytes for ./Payload/Lmzyb.app/HomeScanImage@2x.png
copying file ./Payload/Lmzyb.app/UserImage30@3x.png ... 
3242 bytes for ./Payload/Lmzyb.app/UserImage30@3x.png
copying file ./Payload/Lmzyb.app/CommentUnSeletedImage@2x.png ... 
178 bytes for ./Payload/Lmzyb.app/CommentUnSeletedImage@2x.png
copying file ./Payload/Lmzyb.app/MessageGrowImage@2x.png ... 
224 bytes for ./Payload/Lmzyb.app/MessageGrowImage@2x.png
copying file ./Payload/Lmzyb.app/collection@3x.png ... 
731 bytes for ./Payload/Lmzyb.app/collection@3x.png
copying file ./Payload/Lmzyb.app/SeleteDefultImage@3x.png ... 
999 bytes for ./Payload/Lmzyb.app/SeleteDefultImage@3x.png
copying file ./Payload/Lmzyb.app/CommentSeletedImage@3x.png ... 
1085 bytes for ./Payload/Lmzyb.app/CommentSeletedImage@3x.png
copying file ./Payload/Lmzyb.app/Assets.car ... 
2018-08-23 09:04:59 +0000  985672 bytes for ./Payload/Lmzyb.app/Assets.car
copying file ./Payload/Lmzyb.app/HomeBannerDefaultImage@2x.png ... 
2018-08-23 09:04:59 +0000  45487 bytes for ./Payload/Lmzyb.app/HomeBannerDefaultImage@2x.png
copying file ./Payload/Lmzyb.app/AppIcon40x40@2x~ipad.png ... 
6774 bytes for ./Payload/Lmzyb.app/AppIcon40x40@2x~ipad.png
copying file ./Payload/Lmzyb.app/NavMicClassImage@2x.png ... 
2018-08-23 09:04:59 +0000  990 bytes for ./Payload/Lmzyb.app/NavMicClassImage@2x.png
copying file ./Payload/Lmzyb.app/Reader-Thumbs@2x.png ... 
337 bytes for ./Payload/Lmzyb.app/Reader-Thumbs@2x.png
copying file ./Payload/Lmzyb.app/AppIcon76x76@2x~ipad.png ... 
2018-08-23 09:04:59 +0000  20788 bytes for ./Payload/Lmzyb.app/AppIcon76x76@2x~ipad.png
copying file ./Payload/Lmzyb.app/LaunchImage-800-Portrait-736h@3x.png ... 
2018-08-23 09:04:59 +0000  83228 bytes for ./Payload/Lmzyb.app/LaunchImage-800-Portrait-736h@3x.png
copying file ./Payload/Lmzyb.app/Reader-Email.png ... 
2018-08-23 09:04:59 +0000  356 bytes for ./Payload/Lmzyb.app/Reader-Email.png
copying file ./Payload/Lmzyb.app/Reader-Thumbs@3x.png ... 
510 bytes for ./Payload/Lmzyb.app/Reader-Thumbs@3x.png
copying file ./Payload/Lmzyb.app/NavMicClassImage@3x.png ... 
2018-08-23 09:04:59 +0000  1689 bytes for ./Payload/Lmzyb.app/NavMicClassImage@3x.png
copying file ./Payload/Lmzyb.app/HomeBannerDefaultImage@3x.png ... 
2018-08-23 09:04:59 +0000  87593 bytes for ./Payload/Lmzyb.app/HomeBannerDefaultImage@3x.png
2018-08-23 09:04:59 +0000  copying file ./Payload/Lmzyb.app/CommentSeletedImage@2x.png ... 
761 bytes for ./Payload/Lmzyb.app/CommentSeletedImage@2x.png
copying file ./Payload/Lmzyb.app/MessageGrowImage@3x.png ... 
273 bytes for ./Payload/Lmzyb.app/MessageGrowImage@3x.png
copying file ./Payload/Lmzyb.app/CommentUnSeletedImage@3x.png ... 
236 bytes for ./Payload/Lmzyb.app/CommentUnSeletedImage@3x.png
copying file ./Payload/Lmzyb.app/UserImage30@2x.png ... 
2018-08-23 09:04:59 +0000  1678 bytes for ./Payload/Lmzyb.app/UserImage30@2x.png
copying file ./Payload/Lmzyb.app/TeacherCertification.txt ... 
429 bytes for ./Payload/Lmzyb.app/TeacherCertification.txt
copying file ./Payload/Lmzyb.app/NavNewsImage@2x.png ... 
312 bytes for ./Payload/Lmzyb.app/NavNewsImage@2x.png
copying file ./Payload/Lmzyb.app/NavListernImage@3x.png ... 
2222 bytes for ./Payload/Lmzyb.app/NavListernImage@3x.png
copying file ./Payload/Lmzyb.app/GrayStar@3x.png ... 
3225 bytes for ./Payload/Lmzyb.app/GrayStar@3x.png
copying file ./Payload/Lmzyb.app/HomeScanImage@3x.png ... 
1194 bytes for ./Payload/Lmzyb.app/HomeScanImage@3x.png
copying file ./Payload/Lmzyb.app/AppIcon83.5x83.5@2x~ipad.png ... 
2018-08-23 09:04:59 +0000  24240 bytes for ./Payload/Lmzyb.app/AppIcon83.5x83.5@2x~ipad.png
2018-08-23 09:04:59 +0000  copying file ./Payload/Lmzyb.app/LaunchImage-700-568h@2x.png ... 
2018-08-23 09:04:59 +0000  28544 bytes for ./Payload/Lmzyb.app/LaunchImage-700-568h@2x.png
copying file ./Payload/Lmzyb.app/MebackImage@3x.png ... 
24308 bytes for ./Payload/Lmzyb.app/MebackImage@3x.png
copying file ./Payload/Lmzyb.app/NavEnglishImage@3x.png ... 
2018-08-23 09:04:59 +0000  1172 bytes for ./Payload/Lmzyb.app/NavEnglishImage@3x.png
2018-08-23 09:04:59 +0000  copying file ./Payload/Lmzyb.app/Reader-Print@3x.png ... 
2018-08-23 09:04:59 +0000  697 bytes for ./Payload/Lmzyb.app/Reader-Print@3x.png
2018-08-23 09:04:59 +0000  copying file ./Payload/Lmzyb.app/NavOnlineTextImage@3x.png ... 
2354 bytes for ./Payload/Lmzyb.app/NavOnlineTextImage@3x.png
copying file ./Payload/Lmzyb.app/icon_voice_sender_2@2x.png ... 
540 bytes for ./Payload/Lmzyb.app/icon_voice_sender_2@2x.png
copying file ./Payload/Lmzyb.app/MoneyImage@2x.png ... 
1441 bytes for ./Payload/Lmzyb.app/MoneyImage@2x.png
copying file ./Payload/Lmzyb.app/toast_vol_6@2x.png ... 
507 bytes for ./Payload/Lmzyb.app/toast_vol_6@2x.png
copying file ./Payload/Lmzyb.app/AppIcon-120.png ... 
36848 bytes for ./Payload/Lmzyb.app/AppIcon-120.png
copying file ./Payload/Lmzyb.app/toast_cancelsend@2x.png ... 
2497 bytes for ./Payload/Lmzyb.app/toast_cancelsend@2x.png
copying file ./Payload/Lmzyb.app/AnsweringRuleImage@3x.png ... 
1831 bytes for ./Payload/Lmzyb.app/AnsweringRuleImage@3x.png
copying file ./Payload/Lmzyb.app/NavDowloadImage@3x.png ... 
1554 bytes for ./Payload/Lmzyb.app/NavDowloadImage@3x.png
copying file ./Payload/Lmzyb.app/NavMeImage@3x.png ... 
1663 bytes for ./Payload/Lmzyb.app/NavMeImage@3x.png
copying file ./Payload/Lmzyb.app/CommentRedStarImage@3x.png ... 
653 bytes for ./Payload/Lmzyb.app/CommentRedStarImage@3x.png
copying file ./Payload/Lmzyb.app/Reader-Mark-Y.png ... 
139 bytes for ./Payload/Lmzyb.app/Reader-Mark-Y.png
copying file ./Payload/Lmzyb.app/Reader-Mark-N.png ... 
139 bytes for ./Payload/Lmzyb.app/Reader-Mark-N.png
copying file ./Payload/Lmzyb.app/NavClassImage@3x.png ... 
1415 bytes for ./Payload/Lmzyb.app/NavClassImage@3x.png
copying file ./Payload/Lmzyb.app/EnglishDefaultImage@3x.png ... 
75029 bytes for ./Payload/Lmzyb.app/EnglishDefaultImage@3x.png
copying file ./Payload/Lmzyb.app/LoginPCImage@2x.png ... 
1997 bytes for ./Payload/Lmzyb.app/LoginPCImage@2x.png
copying file ./Payload/Lmzyb.app/FAQWebImage@3x.png ... 
112281 bytes for ./Payload/Lmzyb.app/FAQWebImage@3x.png
copying file ./Payload/Lmzyb.app/loading_bgView1@2x.png ... 
2018-08-23 09:04:59 +0000  231301 bytes for ./Payload/Lmzyb.app/loading_bgView1@2x.png
copying file ./Payload/Lmzyb.app/SelectImage@3x.png ... 
940 bytes for ./Payload/Lmzyb.app/SelectImage@3x.png
copying file ./Payload/Lmzyb.app/RechargeMimuImage@2x.png ... 
387 bytes for ./Payload/Lmzyb.app/RechargeMimuImage@2x.png
copying file ./Payload/Lmzyb.app/AppIcon29x29@2x~ipad.png ... 
3955 bytes for ./Payload/Lmzyb.app/AppIcon29x29@2x~ipad.png
copying file ./Payload/Lmzyb.app/BuyCloseImage@2x.png ... 
363 bytes for ./Payload/Lmzyb.app/BuyCloseImage@2x.png
copying file ./Payload/Lmzyb.app/HomeListenImage@3x.png ... 
16241 bytes for ./Payload/Lmzyb.app/HomeListenImage@3x.png
copying file ./Payload/Lmzyb.app/AppIcon-152.png ... 
57926 bytes for ./Payload/Lmzyb.app/AppIcon-152.png
copying file ./Payload/Lmzyb.app/EditPeriodImage@2x.png ... 
852 bytes for ./Payload/Lmzyb.app/EditPeriodImage@2x.png
copying file ./Payload/Lmzyb.app/CommentGrayStarImage@3x.png ... 
731 bytes for ./Payload/Lmzyb.app/CommentGrayStarImage@3x.png
copying file ./Payload/Lmzyb.app/HomeNewsImage@3x.png ... 
5172 bytes for ./Payload/Lmzyb.app/HomeNewsImage@3x.png
copying file ./Payload/Lmzyb.app/LoginPsdImage@2x.png ... 
915 bytes for ./Payload/Lmzyb.app/LoginPsdImage@2x.png
copying file ./Payload/Lmzyb.app/.Ulysses-Group.plist ... 
123 bytes for ./Payload/Lmzyb.app/.Ulysses-Group.plist
copying file ./Payload/Lmzyb.app/ClassBookDefaultImage@3x.png ... 
2018-08-23 09:04:59 +0000  4845 bytes for ./Payload/Lmzyb.app/ClassBookDefaultImage@3x.png
copying file ./Payload/Lmzyb.app/AppIcon40x40~ipad.png ... 
2830 bytes for ./Payload/Lmzyb.app/AppIcon40x40~ipad.png
copying file ./Payload/Lmzyb.app/toast_vol_2@2x.png ... 
260 bytes for ./Payload/Lmzyb.app/toast_vol_2@2x.png
copying file ./Payload/Lmzyb.app/Reader-Export@3x.png ... 
899 bytes for ./Payload/Lmzyb.app/Reader-Export@3x.png
copying file ./Payload/Lmzyb.app/PhotoImage@2x.png ... 
1832 bytes for ./Payload/Lmzyb.app/PhotoImage@2x.png
copying file ./Payload/Lmzyb.app/AppIcon20x20~ipad.png ... 
1258 bytes for ./Payload/Lmzyb.app/AppIcon20x20~ipad.png
copying file ./Payload/Lmzyb.app/navGationImage@3x.png ... 
616 bytes for ./Payload/Lmzyb.app/navGationImage@3x.png
copying file ./Payload/Lmzyb.app/UserImage80@2x.png ... 
6317 bytes for ./Payload/Lmzyb.app/UserImage80@2x.png
copying file ./Payload/Lmzyb.app/ClassImage@2x.png ... 
1121 bytes for ./Payload/Lmzyb.app/ClassImage@2x.png
copying file ./Payload/Lmzyb.app/Reader-Mark-N@3x.png ... 
343 bytes for ./Payload/Lmzyb.app/Reader-Mark-N@3x.png
copying file ./Payload/Lmzyb.app/NavHomeImage3x.png ... 
1759 bytes for ./Payload/Lmzyb.app/NavHomeImage3x.png
copying file ./Payload/Lmzyb.app/OnLineRechargeImage3x.png ... 
2210 bytes for ./Payload/Lmzyb.app/OnLineRechargeImage3x.png
copying file ./Payload/Lmzyb.app/embedded.mobileprovision ... 
7654 bytes for ./Payload/Lmzyb.app/embedded.mobileprovision
copying file ./Payload/Lmzyb.app/EditPwdImage@3x.png ... 
1398 bytes for ./Payload/Lmzyb.app/EditPwdImage@3x.png
copying file ./Payload/Lmzyb.app/NavImage@3x.png ... 
144 bytes for ./Payload/Lmzyb.app/NavImage@3x.png
copying file ./Payload/Lmzyb.app/EditPwdImage@2x.png ... 
825 bytes for ./Payload/Lmzyb.app/EditPwdImage@2x.png
2018-08-23 09:04:59 +0000  copying file ./Payload/Lmzyb.app/Reader-Export.png ... 
2018-08-23 09:04:59 +0000  343 bytes for ./Payload/Lmzyb.app/Reader-Export.png
copying file ./Payload/Lmzyb.app/ClassImage@3x.png ... 
1939 bytes for ./Payload/Lmzyb.app/ClassImage@3x.png
copying file ./Payload/Lmzyb.app/Reader-Mark-N@2x.png ... 
164 bytes for ./Payload/Lmzyb.app/Reader-Mark-N@2x.png
copying file ./Payload/Lmzyb.app/UserImage80@3x.png ... 
9664 bytes for ./Payload/Lmzyb.app/UserImage80@3x.png
copying file ./Payload/Lmzyb.app/LaunchImage-700-Portrait@2x~ipad.png ... 
2018-08-23 09:04:59 +0000  201454 bytes for ./Payload/Lmzyb.app/LaunchImage-700-Portrait@2x~ipad.png
copying file ./Payload/Lmzyb.app/Reader-Export@2x.png ... 
641 bytes for ./Payload/Lmzyb.app/Reader-Export@2x.png
copying file ./Payload/Lmzyb.app/PhotoImage@3x.png ... 
2018-08-23 09:04:59 +0000  2744 bytes for ./Payload/Lmzyb.app/PhotoImage@3x.png
copying file ./Payload/Lmzyb.app/melogin.png ... 
2018-08-23 09:04:59 +0000  20673 bytes for ./Payload/Lmzyb.app/melogin.png
copying file ./Payload/Lmzyb.app/ClassBookDefaultImage@2x.png ... 
3030 bytes for ./Payload/Lmzyb.app/ClassBookDefaultImage@2x.png
copying file ./Payload/Lmzyb.app/LoginPsdImage@3x.png ... 
1386 bytes for ./Payload/Lmzyb.app/LoginPsdImage@3x.png
copying file ./Payload/Lmzyb.app/AppIcon20x20@2x~ipad.png ... 
2830 bytes for ./Payload/Lmzyb.app/AppIcon20x20@2x~ipad.png
copying file ./Payload/Lmzyb.app/HomeNewsImage@2x.png ... 
2018-08-23 09:04:59 +0000  3565 bytes for ./Payload/Lmzyb.app/HomeNewsImage@2x.png
copying file ./Payload/Lmzyb.app/toast_timeshort@2x.png ... 
2363 bytes for ./Payload/Lmzyb.app/toast_timeshort@2x.png
copying file ./Payload/Lmzyb.app/Info.plist ... 
2718 bytes for ./Payload/Lmzyb.app/Info.plist
copying file ./Payload/Lmzyb.app/EditPeriodImage@3x.png ... 
2018-08-23 09:04:59 +0000  1477 bytes for ./Payload/Lmzyb.app/EditPeriodImage@3x.png
copying file ./Payload/Lmzyb.app/CommentGrayStarImage@2x.png ... 
2018-08-23 09:04:59 +0000  513 bytes for ./Payload/Lmzyb.app/CommentGrayStarImage@2x.png
2018-08-23 09:04:59 +0000  copying file ./Payload/Lmzyb.app/HomeListenImage@2x.png ... 
2018-08-23 09:04:59 +0000  10245 bytes for ./Payload/Lmzyb.app/HomeListenImage@2x.png
copying file ./Payload/Lmzyb.app/BuyCloseImage@3x.png ... 
465 bytes for ./Payload/Lmzyb.app/BuyCloseImage@3x.png
copying file ./Payload/Lmzyb.app/RechargeMimuImage@3x.png ... 
548 bytes for ./Payload/Lmzyb.app/RechargeMimuImage@3x.png
copying file ./Payload/Lmzyb.app/PkgInfo ... 
8 bytes for ./Payload/Lmzyb.app/PkgInfo
copying file ./Payload/Lmzyb.app/loading_bgView1@3x.png ... 
2018-08-23 09:04:59 +0000  488173 bytes for ./Payload/Lmzyb.app/loading_bgView1@3x.png
copying file ./Payload/Lmzyb.app/FAQWebImage@2x.png ... 
2018-08-23 09:04:59 +0000  58107 bytes for ./Payload/Lmzyb.app/FAQWebImage@2x.png
copying file ./Payload/Lmzyb.app/LoginPCImage@3x.png ... 
3090 bytes for ./Payload/Lmzyb.app/LoginPCImage@3x.png
copying file ./Payload/Lmzyb.app/AppIcon-180.png ... 
80385 bytes for ./Payload/Lmzyb.app/AppIcon-180.png
copying file ./Payload/Lmzyb.app/AppIcon76x76~ipad.png ... 
6260 bytes for ./Payload/Lmzyb.app/AppIcon76x76~ipad.png
copying file ./Payload/Lmzyb.app/EnglishDefaultImage@2x.png ... 
43822 bytes for ./Payload/Lmzyb.app/EnglishDefaultImage@2x.png
copying file ./Payload/Lmzyb.app/CommentRedStarImage@2x.png ... 
463 bytes for ./Payload/Lmzyb.app/CommentRedStarImage@2x.png
copying file ./Payload/Lmzyb.app/all_back.png ... 
161 bytes for ./Payload/Lmzyb.app/all_back.png
copying file ./Payload/Lmzyb.app/NavClassImage@2x.png ... 
2018-08-23 09:04:59 +0000  802 bytes for ./Payload/Lmzyb.app/NavClassImage@2x.png
copying file ./Payload/Lmzyb.app/YellowStar@3x.png ... 
2018-08-23 09:04:59 +0000  1998 bytes for ./Payload/Lmzyb.app/YellowStar@3x.png
copying file ./Payload/Lmzyb.app/SetTeachingImage2x.png ... 
2018-08-23 09:04:59 +0000  806 bytes for ./Payload/Lmzyb.app/SetTeachingImage2x.png
copying file ./Symbols/E96B3821-B834-36AE-9320-3FCACD6ED766.symbols ... 
2018-08-23 09:05:01 +0000  3668568 bytes for ./Symbols/E96B3821-B834-36AE-9320-3FCACD6ED766.symbols
copying file ./Symbols/41D7329D-D66F-3A5C-9804-A28DA98FC685.symbols ... 
2018-08-23 09:05:02 +0000  /usr/bin/ditto exited with 0
2018-08-23 09:05:02 +0000  Processing step: IDEDistributionCreateManifestStep
2018-08-23 09:05:02 +0000  Skipping step: IDEDistributionCreateManifestStep because it said so
